0.004757 0 0 8 
0.004757 0 1 8 
0.004757 0 2 8 
0.004757 0 3 8 
0.004757 0 4 8 
0.004757 0 5 8 
0.004757 0 6 8 
0.004757 0 7 8 
0.004757 0 8 8 
0.004757 0 9 8 
0.004757 0 10 8 
0.004757 0 11 8 
0.004757 0 12 8 
0.004757 0 13 8 
0.004757 0 14 8 
0.004757 0 15 8 
0.004757 0 16 8 
0.004757 0 17 8 
0.004757 0 18 8 
0.004757 0 19 8 
0.004757 0 20 8 
0.004757 0 21 8 
0.004757 0 22 8 
0.004757 0 23 8 
0.004757 0 24 8 
0.004757 0 25 8 
0.004757 0 26 8 
0.004757 0 27 8 
0.004757 0 28 8 
0.004757 0 29 8 
0.004757 0 30 8 
0.004757 0 31 8 
2.098276 0 0 8 
2.098276 0 1 8 
2.098276 0 2 8 
2.098276 0 3 8 
2.098276 0 4 8 
2.098276 0 5 8 
2.098276 0 6 8 
2.098276 0 7 8 
2.098276 0 8 8 
2.098276 0 9 8 
2.098276 0 10 8 
2.098276 0 11 8 
2.098276 0 12 8 
2.098276 0 13 8 
2.098276 0 14 8 
2.098276 0 15 8 
2.098276 0 16 8 
2.098276 0 17 8 
2.098276 0 18 8 
2.098276 0 19 8 
2.098276 0 20 8 
2.098276 0 21 8 
2.098276 0 22 8 
2.098276 0 23 8 
2.098276 0 24 8 
2.098276 0 25 8 
2.098276 0 26 8 
2.098276 0 27 8 
2.098276 0 28 8 
2.098276 0 29 8 
2.098276 0 30 8 
2.098276 0 31 8 
2.506711 0 0 8 
2.506711 0 1 8 
2.506711 0 2 8 
2.506711 0 3 8 
2.506711 0 4 8 
2.506711 0 5 8 
2.506711 0 6 8 
2.506711 0 7 8 
2.506711 0 8 8 
2.506711 0 9 8 
2.506711 0 10 8 
2.506711 0 11 8 
2.506711 0 12 8 
2.506711 0 13 8 
2.506711 0 14 8 
2.506711 0 15 8 
2.506711 0 16 8 
2.506711 0 17 8 
2.506711 0 18 8 
2.506711 0 19 8 
2.506711 0 20 8 
2.506711 0 21 8 
2.506711 0 22 8 
2.506711 0 23 8 
2.506711 0 24 8 
2.506711 0 25 8 
2.506711 0 26 8 
2.506711 0 27 8 
2.506711 0 28 8 
2.506711 0 29 8 
2.506711 0 30 8 
2.506711 0 31 8 
2.848306 0 0 80 
2.848306 0 1 80 
2.848306 0 2 80 
2.848306 0 3 80 
2.848306 0 4 80 
2.848306 0 5 80 
2.848306 0 6 80 
2.848306 0 7 80 
2.848306 0 8 80 
2.848306 0 9 80 
2.848306 0 10 80 
2.848306 0 11 80 
2.848306 0 12 80 
2.848306 0 13 80 
2.848306 0 14 80 
2.848306 0 15 80 
2.848306 0 16 80 
2.848306 0 17 80 
2.848306 0 18 80 
2.848306 0 19 80 
2.848306 0 20 80 
2.848306 0 21 80 
2.848306 0 22 80 
2.848306 0 23 80 
2.848306 0 24 80 
2.848306 0 25 80 
2.848306 0 26 80 
2.848306 0 27 80 
2.848306 0 28 80 
2.848306 0 29 80 
2.848306 0 30 80 
2.848306 0 31 80 
3.262921 0 0 8 
3.262921 0 1 8 
3.262921 0 2 8 
3.262921 0 3 8 
3.262921 0 4 8 
3.262921 0 5 8 
3.262921 0 6 8 
3.262921 0 7 8 
3.262921 0 8 8 
3.262921 0 9 8 
3.262921 0 10 8 
3.262921 0 11 8 
3.262921 0 12 8 
3.262921 0 13 8 
3.262921 0 14 8 
3.262921 0 15 8 
3.262921 0 16 8 
3.262921 0 17 8 
3.262921 0 18 8 
3.262921 0 19 8 
3.262921 0 20 8 
3.262921 0 21 8 
3.262921 0 22 8 
3.262921 0 23 8 
3.262921 0 24 8 
3.262921 0 25 8 
3.262921 0 26 8 
3.262921 0 27 8 
3.262921 0 28 8 
3.262921 0 29 8 
3.262921 0 30 8 
3.262921 0 31 8 
2.094441 1 0 8 
2.094441 1 1 8 
2.094441 1 2 8 
2.094441 1 3 8 
2.094441 1 4 8 
2.094441 1 5 8 
2.094441 1 6 8 
2.094441 1 7 8 
2.094441 1 8 8 
2.094441 1 9 8 
2.094441 1 10 8 
2.094441 1 11 8 
2.094441 1 12 8 
2.094441 1 13 8 
2.094441 1 14 8 
2.094441 1 15 8 
2.094441 1 16 8 
2.094441 1 17 8 
2.094441 1 18 8 
2.094441 1 19 8 
2.094441 1 20 8 
2.094441 1 21 8 
2.094441 1 22 8 
2.094441 1 23 8 
2.094441 1 24 8 
2.094441 1 25 8 
2.094441 1 26 8 
2.094441 1 27 8 
2.094441 1 28 8 
2.094441 1 29 8 
2.094441 1 30 8 
2.094441 1 31 8 
2.503231 1 0 8 
2.503231 1 1 8 
2.503231 1 2 8 
2.503231 1 3 8 
2.503231 1 4 8 
2.503231 1 5 8 
2.503231 1 6 8 
2.503231 1 7 8 
2.503231 1 8 8 
2.503231 1 9 8 
2.503231 1 10 8 
2.503231 1 11 8 
2.503231 1 12 8 
2.503231 1 13 8 
2.503231 1 14 8 
2.503231 1 15 8 
2.503231 1 16 8 
2.503231 1 17 8 
2.503231 1 18 8 
2.503231 1 19 8 
2.503231 1 20 8 
2.503231 1 21 8 
2.503231 1 22 8 
2.503231 1 23 8 
2.503231 1 24 8 
2.503231 1 25 8 
2.503231 1 26 8 
2.503231 1 27 8 
2.503231 1 28 8 
2.503231 1 29 8 
2.503231 1 30 8 
2.503231 1 31 8 
2.845096 1 0 80 
2.845096 1 1 80 
2.845096 1 2 80 
2.845096 1 3 80 
2.845096 1 4 80 
2.845096 1 5 80 
2.845096 1 6 80 
2.845096 1 7 80 
2.845096 1 8 80 
2.845096 1 9 80 
2.845096 1 10 80 
2.845096 1 11 80 
2.845096 1 12 80 
2.845096 1 13 80 
2.845096 1 14 80 
2.845096 1 15 80 
2.845096 1 16 80 
2.845096 1 17 80 
2.845096 1 18 80 
2.845096 1 19 80 
2.845096 1 20 80 
2.845096 1 21 80 
2.845096 1 22 80 
2.845096 1 23 80 
2.845096 1 24 80 
2.845096 1 25 80 
2.845096 1 26 80 
2.845096 1 27 80 
2.845096 1 28 80 
2.845096 1 29 80 
2.845096 1 30 80 
2.845096 1 31 80 
3.259549 1 0 8 
3.259549 1 1 8 
3.259549 1 2 8 
3.259549 1 3 8 
3.259549 1 4 8 
3.259549 1 5 8 
3.259549 1 6 8 
3.259549 1 7 8 
3.259549 1 8 8 
3.259549 1 9 8 
3.259549 1 10 8 
3.259549 1 11 8 
3.259549 1 12 8 
3.259549 1 13 8 
3.259549 1 14 8 
3.259549 1 15 8 
3.259549 1 16 8 
3.259549 1 17 8 
3.259549 1 18 8 
3.259549 1 19 8 
3.259549 1 20 8 
3.259549 1 21 8 
3.259549 1 22 8 
3.259549 1 23 8 
3.259549 1 24 8 
3.259549 1 25 8 
3.259549 1 26 8 
3.259549 1 27 8 
3.259549 1 28 8 
3.259549 1 29 8 
3.259549 1 30 8 
3.259549 1 31 8 
2.094274 2 0 8 
2.094274 2 1 8 
2.094274 2 2 8 
2.094274 2 3 8 
2.094274 2 4 8 
2.094274 2 5 8 
2.094274 2 6 8 
2.094274 2 7 8 
2.094274 2 8 8 
2.094274 2 9 8 
2.094274 2 10 8 
2.094274 2 11 8 
2.094274 2 12 8 
2.094274 2 13 8 
2.094274 2 14 8 
2.094274 2 15 8 
2.094274 2 16 8 
2.094274 2 17 8 
2.094274 2 18 8 
2.094274 2 19 8 
2.094274 2 20 8 
2.094274 2 21 8 
2.094274 2 22 8 
2.094274 2 23 8 
2.094274 2 24 8 
2.094274 2 25 8 
2.094274 2 26 8 
2.094274 2 27 8 
2.094274 2 28 8 
2.094274 2 29 8 
2.094274 2 30 8 
2.094274 2 31 8 
2.503028 2 0 8 
2.503028 2 1 8 
2.503028 2 2 8 
2.503028 2 3 8 
2.503028 2 4 8 
2.503028 2 5 8 
2.503028 2 6 8 
2.503028 2 7 8 
2.503028 2 8 8 
2.503028 2 9 8 
2.503028 2 10 8 
2.503028 2 11 8 
2.503028 2 12 8 
2.503028 2 13 8 
2.503028 2 14 8 
2.503028 2 15 8 
2.503028 2 16 8 
2.503028 2 17 8 
2.503028 2 18 8 
2.503028 2 19 8 
2.503028 2 20 8 
2.503028 2 21 8 
2.503028 2 22 8 
2.503028 2 23 8 
2.503028 2 24 8 
2.503028 2 25 8 
2.503028 2 26 8 
2.503028 2 27 8 
2.503028 2 28 8 
2.503028 2 29 8 
2.503028 2 30 8 
2.503028 2 31 8 
2.844579 2 0 80 
2.844579 2 1 80 
2.844579 2 2 80 
2.844579 2 3 80 
2.844579 2 4 80 
2.844579 2 5 80 
2.844579 2 6 80 
2.844579 2 7 80 
2.844579 2 8 80 
2.844579 2 9 80 
2.844579 2 10 80 
2.844579 2 11 80 
2.844579 2 12 80 
2.844579 2 13 80 
2.844579 2 14 80 
2.844579 2 15 80 
2.844579 2 16 80 
2.844579 2 17 80 
2.844579 2 18 80 
2.844579 2 19 80 
2.844579 2 20 80 
2.844579 2 21 80 
2.844579 2 22 80 
2.844579 2 23 80 
2.844579 2 24 80 
2.844579 2 25 80 
2.844579 2 26 80 
2.844579 2 27 80 
2.844579 2 28 80 
2.844579 2 29 80 
2.844579 2 30 80 
2.844579 2 31 80 
3.259282 2 0 8 
3.259282 2 1 8 
3.259282 2 2 8 
3.259282 2 3 8 
3.259282 2 4 8 
3.259282 2 5 8 
3.259282 2 6 8 
3.259282 2 7 8 
3.259282 2 8 8 
3.259282 2 9 8 
3.259282 2 10 8 
3.259282 2 11 8 
3.259282 2 12 8 
3.259282 2 13 8 
3.259282 2 14 8 
3.259282 2 15 8 
3.259282 2 16 8 
3.259282 2 17 8 
3.259282 2 18 8 
3.259282 2 19 8 
3.259282 2 20 8 
3.259282 2 21 8 
3.259282 2 22 8 
3.259282 2 23 8 
3.259282 2 24 8 
3.259282 2 25 8 
3.259282 2 26 8 
3.259282 2 27 8 
3.259282 2 28 8 
3.259282 2 29 8 
3.259282 2 30 8 
3.259282 2 31 8 
2.094331 3 0 8 
2.094331 3 1 8 
2.094331 3 2 8 
2.094331 3 3 8 
2.094331 3 4 8 
2.094331 3 5 8 
2.094331 3 6 8 
2.094331 3 7 8 
2.094331 3 8 8 
2.094331 3 9 8 
2.094331 3 10 8 
2.094331 3 11 8 
2.094331 3 12 8 
2.094331 3 13 8 
2.094331 3 14 8 
2.094331 3 15 8 
2.094331 3 16 8 
2.094331 3 17 8 
2.094331 3 18 8 
2.094331 3 19 8 
2.094331 3 20 8 
2.094331 3 21 8 
2.094331 3 22 8 
2.094331 3 23 8 
2.094331 3 24 8 
2.094331 3 25 8 
2.094331 3 26 8 
2.094331 3 27 8 
2.094331 3 28 8 
2.094331 3 29 8 
2.094331 3 30 8 
2.094331 3 31 8 
2.503104 3 0 8 
2.503104 3 1 8 
2.503104 3 2 8 
2.503104 3 3 8 
2.503104 3 4 8 
2.503104 3 5 8 
2.503104 3 6 8 
2.503104 3 7 8 
2.503104 3 8 8 
2.503104 3 9 8 
2.503104 3 10 8 
2.503104 3 11 8 
2.503104 3 12 8 
2.503104 3 13 8 
2.503104 3 14 8 
2.503104 3 15 8 
2.503104 3 16 8 
2.503104 3 17 8 
2.503104 3 18 8 
2.503104 3 19 8 
2.503104 3 20 8 
2.503104 3 21 8 
2.503104 3 22 8 
2.503104 3 23 8 
2.503104 3 24 8 
2.503104 3 25 8 
2.503104 3 26 8 
2.503104 3 27 8 
2.503104 3 28 8 
2.503104 3 29 8 
2.503104 3 30 8 
2.503104 3 31 8 
2.844850 3 0 80 
2.844850 3 1 80 
2.844850 3 2 80 
2.844850 3 3 80 
2.844850 3 4 80 
2.844850 3 5 80 
2.844850 3 6 80 
2.844850 3 7 80 
2.844850 3 8 80 
2.844850 3 9 80 
2.844850 3 10 80 
2.844850 3 11 80 
2.844850 3 12 80 
2.844850 3 13 80 
2.844850 3 14 80 
2.844850 3 15 80 
2.844850 3 16 80 
2.844850 3 17 80 
2.844850 3 18 80 
2.844850 3 19 80 
2.844850 3 20 80 
2.844850 3 21 80 
2.844850 3 22 80 
2.844850 3 23 80 
2.844850 3 24 80 
2.844850 3 25 80 
2.844850 3 26 80 
2.844850 3 27 80 
2.844850 3 28 80 
2.844850 3 29 80 
2.844850 3 30 80 
2.844850 3 31 80 
3.259377 3 0 8 
3.259377 3 1 8 
3.259377 3 2 8 
3.259377 3 3 8 
3.259377 3 4 8 
3.259377 3 5 8 
3.259377 3 6 8 
3.259377 3 7 8 
3.259377 3 8 8 
3.259377 3 9 8 
3.259377 3 10 8 
3.259377 3 11 8 
3.259377 3 12 8 
3.259377 3 13 8 
3.259377 3 14 8 
3.259377 3 15 8 
3.259377 3 16 8 
3.259377 3 17 8 
3.259377 3 18 8 
3.259377 3 19 8 
3.259377 3 20 8 
3.259377 3 21 8 
3.259377 3 22 8 
3.259377 3 23 8 
3.259377 3 24 8 
3.259377 3 25 8 
3.259377 3 26 8 
3.259377 3 27 8 
3.259377 3 28 8 
3.259377 3 29 8 
3.259377 3 30 8 
3.259377 3 31 8 
2.093803 4 0 8 
2.093803 4 1 8 
2.093803 4 2 8 
2.093803 4 3 8 
2.093803 4 4 8 
2.093803 4 5 8 
2.093803 4 6 8 
2.093803 4 7 8 
2.093803 4 8 8 
2.093803 4 9 8 
2.093803 4 10 8 
2.093803 4 11 8 
2.093803 4 12 8 
2.093803 4 13 8 
2.093803 4 14 8 
2.093803 4 15 8 
2.093803 4 16 8 
2.093803 4 17 8 
2.093803 4 18 8 
2.093803 4 19 8 
2.093803 4 20 8 
2.093803 4 21 8 
2.093803 4 22 8 
2.093803 4 23 8 
2.093803 4 24 8 
2.093803 4 25 8 
2.093803 4 26 8 
2.093803 4 27 8 
2.093803 4 28 8 
2.093803 4 29 8 
2.093803 4 30 8 
2.093803 4 31 8 
2.502567 4 0 8 
2.502567 4 1 8 
2.502567 4 2 8 
2.502567 4 3 8 
2.502567 4 4 8 
2.502567 4 5 8 
2.502567 4 6 8 
2.502567 4 7 8 
2.502567 4 8 8 
2.502567 4 9 8 
2.502567 4 10 8 
2.502567 4 11 8 
2.502567 4 12 8 
2.502567 4 13 8 
2.502567 4 14 8 
2.502567 4 15 8 
2.502567 4 16 8 
2.502567 4 17 8 
2.502567 4 18 8 
2.502567 4 19 8 
2.502567 4 20 8 
2.502567 4 21 8 
2.502567 4 22 8 
2.502567 4 23 8 
2.502567 4 24 8 
2.502567 4 25 8 
2.502567 4 26 8 
2.502567 4 27 8 
2.502567 4 28 8 
2.502567 4 29 8 
2.502567 4 30 8 
2.502567 4 31 8 
2.844353 4 0 80 
2.844353 4 1 80 
2.844353 4 2 80 
2.844353 4 3 80 
2.844353 4 4 80 
2.844353 4 5 80 
2.844353 4 6 80 
2.844353 4 7 80 
2.844353 4 8 80 
2.844353 4 9 80 
2.844353 4 10 80 
2.844353 4 11 80 
2.844353 4 12 80 
2.844353 4 13 80 
2.844353 4 14 80 
2.844353 4 15 80 
2.844353 4 16 80 
2.844353 4 17 80 
2.844353 4 18 80 
2.844353 4 19 80 
2.844353 4 20 80 
2.844353 4 21 80 
2.844353 4 22 80 
2.844353 4 23 80 
2.844353 4 24 80 
2.844353 4 25 80 
2.844353 4 26 80 
2.844353 4 27 80 
2.844353 4 28 80 
2.844353 4 29 80 
2.844353 4 30 80 
2.844353 4 31 80 
3.258863 4 0 8 
3.258863 4 1 8 
3.258863 4 2 8 
3.258863 4 3 8 
3.258863 4 4 8 
3.258863 4 5 8 
3.258863 4 6 8 
3.258863 4 7 8 
3.258863 4 8 8 
3.258863 4 9 8 
3.258863 4 10 8 
3.258863 4 11 8 
3.258863 4 12 8 
3.258863 4 13 8 
3.258863 4 14 8 
3.258863 4 15 8 
3.258863 4 16 8 
3.258863 4 17 8 
3.258863 4 18 8 
3.258863 4 19 8 
3.258863 4 20 8 
3.258863 4 21 8 
3.258863 4 22 8 
3.258863 4 23 8 
3.258863 4 24 8 
3.258863 4 25 8 
3.258863 4 26 8 
3.258863 4 27 8 
3.258863 4 28 8 
3.258863 4 29 8 
3.258863 4 30 8 
3.258863 4 31 8 
2.094241 5 0 8 
2.094241 5 1 8 
2.094241 5 2 8 
2.094241 5 3 8 
2.094241 5 4 8 
2.094241 5 5 8 
2.094241 5 6 8 
2.094241 5 7 8 
2.094241 5 8 8 
2.094241 5 9 8 
2.094241 5 10 8 
2.094241 5 11 8 
2.094241 5 12 8 
2.094241 5 13 8 
2.094241 5 14 8 
2.094241 5 15 8 
2.094241 5 16 8 
2.094241 5 17 8 
2.094241 5 18 8 
2.094241 5 19 8 
2.094241 5 20 8 
2.094241 5 21 8 
2.094241 5 22 8 
2.094241 5 23 8 
2.094241 5 24 8 
2.094241 5 25 8 
2.094241 5 26 8 
2.094241 5 27 8 
2.094241 5 28 8 
2.094241 5 29 8 
2.094241 5 30 8 
2.094241 5 31 8 
2.503010 5 0 8 
2.503010 5 1 8 
2.503010 5 2 8 
2.503010 5 3 8 
2.503010 5 4 8 
2.503010 5 5 8 
2.503010 5 6 8 
2.503010 5 7 8 
2.503010 5 8 8 
2.503010 5 9 8 
2.503010 5 10 8 
2.503010 5 11 8 
2.503010 5 12 8 
2.503010 5 13 8 
2.503010 5 14 8 
2.503010 5 15 8 
2.503010 5 16 8 
2.503010 5 17 8 
2.503010 5 18 8 
2.503010 5 19 8 
2.503010 5 20 8 
2.503010 5 21 8 
2.503010 5 22 8 
2.503010 5 23 8 
2.503010 5 24 8 
2.503010 5 25 8 
2.503010 5 26 8 
2.503010 5 27 8 
2.503010 5 28 8 
2.503010 5 29 8 
2.503010 5 30 8 
2.503010 5 31 8 
2.845054 5 0 80 
2.845054 5 1 80 
2.845054 5 2 80 
2.845054 5 3 80 
2.845054 5 4 80 
2.845054 5 5 80 
2.845054 5 6 80 
2.845054 5 7 80 
2.845054 5 8 80 
2.845054 5 9 80 
2.845054 5 10 80 
2.845054 5 11 80 
2.845054 5 12 80 
2.845054 5 13 80 
2.845054 5 14 80 
2.845054 5 15 80 
2.845054 5 16 80 
2.845054 5 17 80 
2.845054 5 18 80 
2.845054 5 19 80 
2.845054 5 20 80 
2.845054 5 21 80 
2.845054 5 22 80 
2.845054 5 23 80 
2.845054 5 24 80 
2.845054 5 25 80 
2.845054 5 26 80 
2.845054 5 27 80 
2.845054 5 28 80 
2.845054 5 29 80 
2.845054 5 30 80 
2.845054 5 31 80 
3.259320 5 0 8 
3.259320 5 1 8 
3.259320 5 2 8 
3.259320 5 3 8 
3.259320 5 4 8 
3.259320 5 5 8 
3.259320 5 6 8 
3.259320 5 7 8 
3.259320 5 8 8 
3.259320 5 9 8 
3.259320 5 10 8 
3.259320 5 11 8 
3.259320 5 12 8 
3.259320 5 13 8 
3.259320 5 14 8 
3.259320 5 15 8 
3.259320 5 16 8 
3.259320 5 17 8 
3.259320 5 18 8 
3.259320 5 19 8 
3.259320 5 20 8 
3.259320 5 21 8 
3.259320 5 22 8 
3.259320 5 23 8 
3.259320 5 24 8 
3.259320 5 25 8 
3.259320 5 26 8 
3.259320 5 27 8 
3.259320 5 28 8 
3.259320 5 29 8 
3.259320 5 30 8 
3.259320 5 31 8 
2.093968 6 0 8 
2.093968 6 1 8 
2.093968 6 2 8 
2.093968 6 3 8 
2.093968 6 4 8 
2.093968 6 5 8 
2.093968 6 6 8 
2.093968 6 7 8 
2.093968 6 8 8 
2.093968 6 9 8 
2.093968 6 10 8 
2.093968 6 11 8 
2.093968 6 12 8 
2.093968 6 13 8 
2.093968 6 14 8 
2.093968 6 15 8 
2.093968 6 16 8 
2.093968 6 17 8 
2.093968 6 18 8 
2.093968 6 19 8 
2.093968 6 20 8 
2.093968 6 21 8 
2.093968 6 22 8 
2.093968 6 23 8 
2.093968 6 24 8 
2.093968 6 25 8 
2.093968 6 26 8 
2.093968 6 27 8 
2.093968 6 28 8 
2.093968 6 29 8 
2.093968 6 30 8 
2.093968 6 31 8 
2.502714 6 0 8 
2.502714 6 1 8 
2.502714 6 2 8 
2.502714 6 3 8 
2.502714 6 4 8 
2.502714 6 5 8 
2.502714 6 6 8 
2.502714 6 7 8 
2.502714 6 8 8 
2.502714 6 9 8 
2.502714 6 10 8 
2.502714 6 11 8 
2.502714 6 12 8 
2.502714 6 13 8 
2.502714 6 14 8 
2.502714 6 15 8 
2.502714 6 16 8 
2.502714 6 17 8 
2.502714 6 18 8 
2.502714 6 19 8 
2.502714 6 20 8 
2.502714 6 21 8 
2.502714 6 22 8 
2.502714 6 23 8 
2.502714 6 24 8 
2.502714 6 25 8 
2.502714 6 26 8 
2.502714 6 27 8 
2.502714 6 28 8 
2.502714 6 29 8 
2.502714 6 30 8 
2.502714 6 31 8 
2.844310 6 0 80 
2.844310 6 1 80 
2.844310 6 2 80 
2.844310 6 3 80 
2.844310 6 4 80 
2.844310 6 5 80 
2.844310 6 6 80 
2.844310 6 7 80 
2.844310 6 8 80 
2.844310 6 9 80 
2.844310 6 10 80 
2.844310 6 11 80 
2.844310 6 12 80 
2.844310 6 13 80 
2.844310 6 14 80 
2.844310 6 15 80 
2.844310 6 16 80 
2.844310 6 17 80 
2.844310 6 18 80 
2.844310 6 19 80 
2.844310 6 20 80 
2.844310 6 21 80 
2.844310 6 22 80 
2.844310 6 23 80 
2.844310 6 24 80 
2.844310 6 25 80 
2.844310 6 26 80 
2.844310 6 27 80 
2.844310 6 28 80 
2.844310 6 29 80 
2.844310 6 30 80 
2.844310 6 31 80 
3.258976 6 0 8 
3.258976 6 1 8 
3.258976 6 2 8 
3.258976 6 3 8 
3.258976 6 4 8 
3.258976 6 5 8 
3.258976 6 6 8 
3.258976 6 7 8 
3.258976 6 8 8 
3.258976 6 9 8 
3.258976 6 10 8 
3.258976 6 11 8 
3.258976 6 12 8 
3.258976 6 13 8 
3.258976 6 14 8 
3.258976 6 15 8 
3.258976 6 16 8 
3.258976 6 17 8 
3.258976 6 18 8 
3.258976 6 19 8 
3.258976 6 20 8 
3.258976 6 21 8 
3.258976 6 22 8 
3.258976 6 23 8 
3.258976 6 24 8 
3.258976 6 25 8 
3.258976 6 26 8 
3.258976 6 27 8 
3.258976 6 28 8 
3.258976 6 29 8 
3.258976 6 30 8 
3.258976 6 31 8 
2.093791 7 0 8 
2.093791 7 1 8 
2.093791 7 2 8 
2.093791 7 3 8 
2.093791 7 4 8 
2.093791 7 5 8 
2.093791 7 6 8 
2.093791 7 7 8 
2.093791 7 8 8 
2.093791 7 9 8 
2.093791 7 10 8 
2.093791 7 11 8 
2.093791 7 12 8 
2.093791 7 13 8 
2.093791 7 14 8 
2.093791 7 15 8 
2.093791 7 16 8 
2.093791 7 17 8 
2.093791 7 18 8 
2.093791 7 19 8 
2.093791 7 20 8 
2.093791 7 21 8 
2.093791 7 22 8 
2.093791 7 23 8 
2.093791 7 24 8 
2.093791 7 25 8 
2.093791 7 26 8 
2.093791 7 27 8 
2.093791 7 28 8 
2.093791 7 29 8 
2.093791 7 30 8 
2.093791 7 31 8 
2.502610 7 0 8 
2.502610 7 1 8 
2.502610 7 2 8 
2.502610 7 3 8 
2.502610 7 4 8 
2.502610 7 5 8 
2.502610 7 6 8 
2.502610 7 7 8 
2.502610 7 8 8 
2.502610 7 9 8 
2.502610 7 10 8 
2.502610 7 11 8 
2.502610 7 12 8 
2.502610 7 13 8 
2.502610 7 14 8 
2.502610 7 15 8 
2.502610 7 16 8 
2.502610 7 17 8 
2.502610 7 18 8 
2.502610 7 19 8 
2.502610 7 20 8 
2.502610 7 21 8 
2.502610 7 22 8 
2.502610 7 23 8 
2.502610 7 24 8 
2.502610 7 25 8 
2.502610 7 26 8 
2.502610 7 27 8 
2.502610 7 28 8 
2.502610 7 29 8 
2.502610 7 30 8 
2.502610 7 31 8 
2.844443 7 0 80 
2.844443 7 1 80 
2.844443 7 2 80 
2.844443 7 3 80 
2.844443 7 4 80 
2.844443 7 5 80 
2.844443 7 6 80 
2.844443 7 7 80 
2.844443 7 8 80 
2.844443 7 9 80 
2.844443 7 10 80 
2.844443 7 11 80 
2.844443 7 12 80 
2.844443 7 13 80 
2.844443 7 14 80 
2.844443 7 15 80 
2.844443 7 16 80 
2.844443 7 17 80 
2.844443 7 18 80 
2.844443 7 19 80 
2.844443 7 20 80 
2.844443 7 21 80 
2.844443 7 22 80 
2.844443 7 23 80 
2.844443 7 24 80 
2.844443 7 25 80 
2.844443 7 26 80 
2.844443 7 27 80 
2.844443 7 28 80 
2.844443 7 29 80 
2.844443 7 30 80 
2.844443 7 31 80 
3.258980 7 0 8 
3.258980 7 1 8 
3.258980 7 2 8 
3.258980 7 3 8 
3.258980 7 4 8 
3.258980 7 5 8 
3.258980 7 6 8 
3.258980 7 7 8 
3.258980 7 8 8 
3.258980 7 9 8 
3.258980 7 10 8 
3.258980 7 11 8 
3.258980 7 12 8 
3.258980 7 13 8 
3.258980 7 14 8 
3.258980 7 15 8 
3.258980 7 16 8 
3.258980 7 17 8 
3.258980 7 18 8 
3.258980 7 19 8 
3.258980 7 20 8 
3.258980 7 21 8 
3.258980 7 22 8 
3.258980 7 23 8 
3.258980 7 24 8 
3.258980 7 25 8 
3.258980 7 26 8 
3.258980 7 27 8 
3.258980 7 28 8 
3.258980 7 29 8 
3.258980 7 30 8 
3.258980 7 31 8 
2.094067 8 0 8 
2.094067 8 1 8 
2.094067 8 2 8 
2.094067 8 3 8 
2.094067 8 4 8 
2.094067 8 5 8 
2.094067 8 6 8 
2.094067 8 7 8 
2.094067 8 8 8 
2.094067 8 9 8 
2.094067 8 10 8 
2.094067 8 11 8 
2.094067 8 12 8 
2.094067 8 13 8 
2.094067 8 14 8 
2.094067 8 15 8 
2.094067 8 16 8 
2.094067 8 17 8 
2.094067 8 18 8 
2.094067 8 19 8 
2.094067 8 20 8 
2.094067 8 21 8 
2.094067 8 22 8 
2.094067 8 23 8 
2.094067 8 24 8 
2.094067 8 25 8 
2.094067 8 26 8 
2.094067 8 27 8 
2.094067 8 28 8 
2.094067 8 29 8 
2.094067 8 30 8 
2.094067 8 31 8 
2.502872 8 0 8 
2.502872 8 1 8 
2.502872 8 2 8 
2.502872 8 3 8 
2.502872 8 4 8 
2.502872 8 5 8 
2.502872 8 6 8 
2.502872 8 7 8 
2.502872 8 8 8 
2.502872 8 9 8 
2.502872 8 10 8 
2.502872 8 11 8 
2.502872 8 12 8 
2.502872 8 13 8 
2.502872 8 14 8 
2.502872 8 15 8 
2.502872 8 16 8 
2.502872 8 17 8 
2.502872 8 18 8 
2.502872 8 19 8 
2.502872 8 20 8 
2.502872 8 21 8 
2.502872 8 22 8 
2.502872 8 23 8 
2.502872 8 24 8 
2.502872 8 25 8 
2.502872 8 26 8 
2.502872 8 27 8 
2.502872 8 28 8 
2.502872 8 29 8 
2.502872 8 30 8 
2.502872 8 31 8 
2.844639 8 0 80 
2.844639 8 1 80 
2.844639 8 2 80 
2.844639 8 3 80 
2.844639 8 4 80 
2.844639 8 5 80 
2.844639 8 6 80 
2.844639 8 7 80 
2.844639 8 8 80 
2.844639 8 9 80 
2.844639 8 10 80 
2.844639 8 11 80 
2.844639 8 12 80 
2.844639 8 13 80 
2.844639 8 14 80 
2.844639 8 15 80 
2.844639 8 16 80 
2.844639 8 17 80 
2.844639 8 18 80 
2.844639 8 19 80 
2.844639 8 20 80 
2.844639 8 21 80 
2.844639 8 22 80 
2.844639 8 23 80 
2.844639 8 24 80 
2.844639 8 25 80 
2.844639 8 26 80 
2.844639 8 27 80 
2.844639 8 28 80 
2.844639 8 29 80 
2.844639 8 30 80 
2.844639 8 31 80 
3.259089 8 0 8 
3.259089 8 1 8 
3.259089 8 2 8 
3.259089 8 3 8 
3.259089 8 4 8 
3.259089 8 5 8 
3.259089 8 6 8 
3.259089 8 7 8 
3.259089 8 8 8 
3.259089 8 9 8 
3.259089 8 10 8 
3.259089 8 11 8 
3.259089 8 12 8 
3.259089 8 13 8 
3.259089 8 14 8 
3.259089 8 15 8 
3.259089 8 16 8 
3.259089 8 17 8 
3.259089 8 18 8 
3.259089 8 19 8 
3.259089 8 20 8 
3.259089 8 21 8 
3.259089 8 22 8 
3.259089 8 23 8 
3.259089 8 24 8 
3.259089 8 25 8 
3.259089 8 26 8 
3.259089 8 27 8 
3.259089 8 28 8 
3.259089 8 29 8 
3.259089 8 30 8 
3.259089 8 31 8 
2.092739 9 0 8 
2.092739 9 1 8 
2.092739 9 2 8 
2.092739 9 3 8 
2.092739 9 4 8 
2.092739 9 5 8 
2.092739 9 6 8 
2.092739 9 7 8 
2.092739 9 8 8 
2.092739 9 9 8 
2.092739 9 10 8 
2.092739 9 11 8 
2.092739 9 12 8 
2.092739 9 13 8 
2.092739 9 14 8 
2.092739 9 15 8 
2.092739 9 16 8 
2.092739 9 17 8 
2.092739 9 18 8 
2.092739 9 19 8 
2.092739 9 20 8 
2.092739 9 21 8 
2.092739 9 22 8 
2.092739 9 23 8 
2.092739 9 24 8 
2.092739 9 25 8 
2.092739 9 26 8 
2.092739 9 27 8 
2.092739 9 28 8 
2.092739 9 29 8 
2.092739 9 30 8 
2.092739 9 31 8 
2.501564 9 0 8 
2.501564 9 1 8 
2.501564 9 2 8 
2.501564 9 3 8 
2.501564 9 4 8 
2.501564 9 5 8 
2.501564 9 6 8 
2.501564 9 7 8 
2.501564 9 8 8 
2.501564 9 9 8 
2.501564 9 10 8 
2.501564 9 11 8 
2.501564 9 12 8 
2.501564 9 13 8 
2.501564 9 14 8 
2.501564 9 15 8 
2.501564 9 16 8 
2.501564 9 17 8 
2.501564 9 18 8 
2.501564 9 19 8 
2.501564 9 20 8 
2.501564 9 21 8 
2.501564 9 22 8 
2.501564 9 23 8 
2.501564 9 24 8 
2.501564 9 25 8 
2.501564 9 26 8 
2.501564 9 27 8 
2.501564 9 28 8 
2.501564 9 29 8 
2.501564 9 30 8 
2.501564 9 31 8 
2.843684 9 0 80 
2.843684 9 1 80 
2.843684 9 2 80 
2.843684 9 3 80 
2.843684 9 4 80 
2.843684 9 5 80 
2.843684 9 6 80 
2.843684 9 7 80 
2.843684 9 8 80 
2.843684 9 9 80 
2.843684 9 10 80 
2.843684 9 11 80 
2.843684 9 12 80 
2.843684 9 13 80 
2.843684 9 14 80 
2.843684 9 15 80 
2.843684 9 16 80 
2.843684 9 17 80 
2.843684 9 18 80 
2.843684 9 19 80 
2.843684 9 20 80 
2.843684 9 21 80 
2.843684 9 22 80 
2.843684 9 23 80 
2.843684 9 24 80 
2.843684 9 25 80 
2.843684 9 26 80 
2.843684 9 27 80 
2.843684 9 28 80 
2.843684 9 29 80 
2.843684 9 30 80 
2.843684 9 31 80 
3.257813 9 0 8 
3.257813 9 1 8 
3.257813 9 2 8 
3.257813 9 3 8 
3.257813 9 4 8 
3.257813 9 5 8 
3.257813 9 6 8 
3.257813 9 7 8 
3.257813 9 8 8 
3.257813 9 9 8 
3.257813 9 10 8 
3.257813 9 11 8 
3.257813 9 12 8 
3.257813 9 13 8 
3.257813 9 14 8 
3.257813 9 15 8 
3.257813 9 16 8 
3.257813 9 17 8 
3.257813 9 18 8 
3.257813 9 19 8 
3.257813 9 20 8 
3.257813 9 21 8 
3.257813 9 22 8 
3.257813 9 23 8 
3.257813 9 24 8 
3.257813 9 25 8 
3.257813 9 26 8 
3.257813 9 27 8 
3.257813 9 28 8 
3.257813 9 29 8 
3.257813 9 30 8 
3.257813 9 31 8 
2.096841 10 0 8 
2.096841 10 1 8 
2.096841 10 2 8 
2.096841 10 3 8 
2.096841 10 4 8 
2.096841 10 5 8 
2.096841 10 6 8 
2.096841 10 7 8 
2.096841 10 8 8 
2.096841 10 9 8 
2.096841 10 10 8 
2.096841 10 11 8 
2.096841 10 12 8 
2.096841 10 13 8 
2.096841 10 14 8 
2.096841 10 15 8 
2.096841 10 16 8 
2.096841 10 17 8 
2.096841 10 18 8 
2.096841 10 19 8 
2.096841 10 20 8 
2.096841 10 21 8 
2.096841 10 22 8 
2.096841 10 23 8 
2.096841 10 24 8 
2.096841 10 25 8 
2.096841 10 26 8 
2.096841 10 27 8 
2.096841 10 28 8 
2.096841 10 29 8 
2.096841 10 30 8 
2.096841 10 31 8 
2.505324 10 0 8 
2.505324 10 1 8 
2.505324 10 2 8 
2.505324 10 3 8 
2.505324 10 4 8 
2.505324 10 5 8 
2.505324 10 6 8 
2.505324 10 7 8 
2.505324 10 8 8 
2.505324 10 9 8 
2.505324 10 10 8 
2.505324 10 11 8 
2.505324 10 12 8 
2.505324 10 13 8 
2.505324 10 14 8 
2.505324 10 15 8 
2.505324 10 16 8 
2.505324 10 17 8 
2.505324 10 18 8 
2.505324 10 19 8 
2.505324 10 20 8 
2.505324 10 21 8 
2.505324 10 22 8 
2.505324 10 23 8 
2.505324 10 24 8 
2.505324 10 25 8 
2.505324 10 26 8 
2.505324 10 27 8 
2.505324 10 28 8 
2.505324 10 29 8 
2.505324 10 30 8 
2.505324 10 31 8 
2.846753 10 0 80 
2.846753 10 1 80 
2.846753 10 2 80 
2.846753 10 3 80 
2.846753 10 4 80 
2.846753 10 5 80 
2.846753 10 6 80 
2.846753 10 7 80 
2.846753 10 8 80 
2.846753 10 9 80 
2.846753 10 10 80 
2.846753 10 11 80 
2.846753 10 12 80 
2.846753 10 13 80 
2.846753 10 14 80 
2.846753 10 15 80 
2.846753 10 16 80 
2.846753 10 17 80 
2.846753 10 18 80 
2.846753 10 19 80 
2.846753 10 20 80 
2.846753 10 21 80 
2.846753 10 22 80 
2.846753 10 23 80 
2.846753 10 24 80 
2.846753 10 25 80 
2.846753 10 26 80 
2.846753 10 27 80 
2.846753 10 28 80 
2.846753 10 29 80 
2.846753 10 30 80 
2.846753 10 31 80 
3.261327 10 0 8 
3.261327 10 1 8 
3.261327 10 2 8 
3.261327 10 3 8 
3.261327 10 4 8 
3.261327 10 5 8 
3.261327 10 6 8 
3.261327 10 7 8 
3.261327 10 8 8 
3.261327 10 9 8 
3.261327 10 10 8 
3.261327 10 11 8 
3.261327 10 12 8 
3.261327 10 13 8 
3.261327 10 14 8 
3.261327 10 15 8 
3.261327 10 16 8 
3.261327 10 17 8 
3.261327 10 18 8 
3.261327 10 19 8 
3.261327 10 20 8 
3.261327 10 21 8 
3.261327 10 22 8 
3.261327 10 23 8 
3.261327 10 24 8 
3.261327 10 25 8 
3.261327 10 26 8 
3.261327 10 27 8 
3.261327 10 28 8 
3.261327 10 29 8 
3.261327 10 30 8 
3.261327 10 31 8 
2.093937 11 0 8 
2.093937 11 1 8 
2.093937 11 2 8 
2.093937 11 3 8 
2.093937 11 4 8 
2.093937 11 5 8 
2.093937 11 6 8 
2.093937 11 7 8 
2.093937 11 8 8 
2.093937 11 9 8 
2.093937 11 10 8 
2.093937 11 11 8 
2.093937 11 12 8 
2.093937 11 13 8 
2.093937 11 14 8 
2.093937 11 15 8 
2.093937 11 16 8 
2.093937 11 17 8 
2.093937 11 18 8 
2.093937 11 19 8 
2.093937 11 20 8 
2.093937 11 21 8 
2.093937 11 22 8 
2.093937 11 23 8 
2.093937 11 24 8 
2.093937 11 25 8 
2.093937 11 26 8 
2.093937 11 27 8 
2.093937 11 28 8 
2.093937 11 29 8 
2.093937 11 30 8 
2.093937 11 31 8 
2.502748 11 0 8 
2.502748 11 1 8 
2.502748 11 2 8 
2.502748 11 3 8 
2.502748 11 4 8 
2.502748 11 5 8 
2.502748 11 6 8 
2.502748 11 7 8 
2.502748 11 8 8 
2.502748 11 9 8 
2.502748 11 10 8 
2.502748 11 11 8 
2.502748 11 12 8 
2.502748 11 13 8 
2.502748 11 14 8 
2.502748 11 15 8 
2.502748 11 16 8 
2.502748 11 17 8 
2.502748 11 18 8 
2.502748 11 19 8 
2.502748 11 20 8 
2.502748 11 21 8 
2.502748 11 22 8 
2.502748 11 23 8 
2.502748 11 24 8 
2.502748 11 25 8 
2.502748 11 26 8 
2.502748 11 27 8 
2.502748 11 28 8 
2.502748 11 29 8 
2.502748 11 30 8 
2.502748 11 31 8 
2.844593 11 0 80 
2.844593 11 1 80 
2.844593 11 2 80 
2.844593 11 3 80 
2.844593 11 4 80 
2.844593 11 5 80 
2.844593 11 6 80 
2.844593 11 7 80 
2.844593 11 8 80 
2.844593 11 9 80 
2.844593 11 10 80 
2.844593 11 11 80 
2.844593 11 12 80 
2.844593 11 13 80 
2.844593 11 14 80 
2.844593 11 15 80 
2.844593 11 16 80 
2.844593 11 17 80 
2.844593 11 18 80 
2.844593 11 19 80 
2.844593 11 20 80 
2.844593 11 21 80 
2.844593 11 22 80 
2.844593 11 23 80 
2.844593 11 24 80 
2.844593 11 25 80 
2.844593 11 26 80 
2.844593 11 27 80 
2.844593 11 28 80 
2.844593 11 29 80 
2.844593 11 30 80 
2.844593 11 31 80 
3.259004 11 0 8 
3.259004 11 1 8 
3.259004 11 2 8 
3.259004 11 3 8 
3.259004 11 4 8 
3.259004 11 5 8 
3.259004 11 6 8 
3.259004 11 7 8 
3.259004 11 8 8 
3.259004 11 9 8 
3.259004 11 10 8 
3.259004 11 11 8 
3.259004 11 12 8 
3.259004 11 13 8 
3.259004 11 14 8 
3.259004 11 15 8 
3.259004 11 16 8 
3.259004 11 17 8 
3.259004 11 18 8 
3.259004 11 19 8 
3.259004 11 20 8 
3.259004 11 21 8 
3.259004 11 22 8 
3.259004 11 23 8 
3.259004 11 24 8 
3.259004 11 25 8 
3.259004 11 26 8 
3.259004 11 27 8 
3.259004 11 28 8 
3.259004 11 29 8 
3.259004 11 30 8 
3.259004 11 31 8 
2.094238 12 0 8 
2.094238 12 1 8 
2.094238 12 2 8 
2.094238 12 3 8 
2.094238 12 4 8 
2.094238 12 5 8 
2.094238 12 6 8 
2.094238 12 7 8 
2.094238 12 8 8 
2.094238 12 9 8 
2.094238 12 10 8 
2.094238 12 11 8 
2.094238 12 12 8 
2.094238 12 13 8 
2.094238 12 14 8 
2.094238 12 15 8 
2.094238 12 16 8 
2.094238 12 17 8 
2.094238 12 18 8 
2.094238 12 19 8 
2.094238 12 20 8 
2.094238 12 21 8 
2.094238 12 22 8 
2.094238 12 23 8 
2.094238 12 24 8 
2.094238 12 25 8 
2.094238 12 26 8 
2.094238 12 27 8 
2.094238 12 28 8 
2.094238 12 29 8 
2.094238 12 30 8 
2.094238 12 31 8 
2.503038 12 0 8 
2.503038 12 1 8 
2.503038 12 2 8 
2.503038 12 3 8 
2.503038 12 4 8 
2.503038 12 5 8 
2.503038 12 6 8 
2.503038 12 7 8 
2.503038 12 8 8 
2.503038 12 9 8 
2.503038 12 10 8 
2.503038 12 11 8 
2.503038 12 12 8 
2.503038 12 13 8 
2.503038 12 14 8 
2.503038 12 15 8 
2.503038 12 16 8 
2.503038 12 17 8 
2.503038 12 18 8 
2.503038 12 19 8 
2.503038 12 20 8 
2.503038 12 21 8 
2.503038 12 22 8 
2.503038 12 23 8 
2.503038 12 24 8 
2.503038 12 25 8 
2.503038 12 26 8 
2.503038 12 27 8 
2.503038 12 28 8 
2.503038 12 29 8 
2.503038 12 30 8 
2.503038 12 31 8 
2.844832 12 0 80 
2.844832 12 1 80 
2.844832 12 2 80 
2.844832 12 3 80 
2.844832 12 4 80 
2.844832 12 5 80 
2.844832 12 6 80 
2.844832 12 7 80 
2.844832 12 8 80 
2.844832 12 9 80 
2.844832 12 10 80 
2.844832 12 11 80 
2.844832 12 12 80 
2.844832 12 13 80 
2.844832 12 14 80 
2.844832 12 15 80 
2.844832 12 16 80 
2.844832 12 17 80 
2.844832 12 18 80 
2.844832 12 19 80 
2.844832 12 20 80 
2.844832 12 21 80 
2.844832 12 22 80 
2.844832 12 23 80 
2.844832 12 24 80 
2.844832 12 25 80 
2.844832 12 26 80 
2.844832 12 27 80 
2.844832 12 28 80 
2.844832 12 29 80 
2.844832 12 30 80 
2.844832 12 31 80 
3.259258 12 0 8 
3.259258 12 1 8 
3.259258 12 2 8 
3.259258 12 3 8 
3.259258 12 4 8 
3.259258 12 5 8 
3.259258 12 6 8 
3.259258 12 7 8 
3.259258 12 8 8 
3.259258 12 9 8 
3.259258 12 10 8 
3.259258 12 11 8 
3.259258 12 12 8 
3.259258 12 13 8 
3.259258 12 14 8 
3.259258 12 15 8 
3.259258 12 16 8 
3.259258 12 17 8 
3.259258 12 18 8 
3.259258 12 19 8 
3.259258 12 20 8 
3.259258 12 21 8 
3.259258 12 22 8 
3.259258 12 23 8 
3.259258 12 24 8 
3.259258 12 25 8 
3.259258 12 26 8 
3.259258 12 27 8 
3.259258 12 28 8 
3.259258 12 29 8 
3.259258 12 30 8 
3.259258 12 31 8 
2.094288 13 0 8 
2.094288 13 1 8 
2.094288 13 2 8 
2.094288 13 3 8 
2.094288 13 4 8 
2.094288 13 5 8 
2.094288 13 6 8 
2.094288 13 7 8 
2.094288 13 8 8 
2.094288 13 9 8 
2.094288 13 10 8 
2.094288 13 11 8 
2.094288 13 12 8 
2.094288 13 13 8 
2.094288 13 14 8 
2.094288 13 15 8 
2.094288 13 16 8 
2.094288 13 17 8 
2.094288 13 18 8 
2.094288 13 19 8 
2.094288 13 20 8 
2.094288 13 21 8 
2.094288 13 22 8 
2.094288 13 23 8 
2.094288 13 24 8 
2.094288 13 25 8 
2.094288 13 26 8 
2.094288 13 27 8 
2.094288 13 28 8 
2.094288 13 29 8 
2.094288 13 30 8 
2.094288 13 31 8 
2.503110 13 0 8 
2.503110 13 1 8 
2.503110 13 2 8 
2.503110 13 3 8 
2.503110 13 4 8 
2.503110 13 5 8 
2.503110 13 6 8 
2.503110 13 7 8 
2.503110 13 8 8 
2.503110 13 9 8 
2.503110 13 10 8 
2.503110 13 11 8 
2.503110 13 12 8 
2.503110 13 13 8 
2.503110 13 14 8 
2.503110 13 15 8 
2.503110 13 16 8 
2.503110 13 17 8 
2.503110 13 18 8 
2.503110 13 19 8 
2.503110 13 20 8 
2.503110 13 21 8 
2.503110 13 22 8 
2.503110 13 23 8 
2.503110 13 24 8 
2.503110 13 25 8 
2.503110 13 26 8 
2.503110 13 27 8 
2.503110 13 28 8 
2.503110 13 29 8 
2.503110 13 30 8 
2.503110 13 31 8 
2.845075 13 0 80 
2.845075 13 1 80 
2.845075 13 2 80 
2.845075 13 3 80 
2.845075 13 4 80 
2.845075 13 5 80 
2.845075 13 6 80 
2.845075 13 7 80 
2.845075 13 8 80 
2.845075 13 9 80 
2.845075 13 10 80 
2.845075 13 11 80 
2.845075 13 12 80 
2.845075 13 13 80 
2.845075 13 14 80 
2.845075 13 15 80 
2.845075 13 16 80 
2.845075 13 17 80 
2.845075 13 18 80 
2.845075 13 19 80 
2.845075 13 20 80 
2.845075 13 21 80 
2.845075 13 22 80 
2.845075 13 23 80 
2.845075 13 24 80 
2.845075 13 25 80 
2.845075 13 26 80 
2.845075 13 27 80 
2.845075 13 28 80 
2.845075 13 29 80 
2.845075 13 30 80 
2.845075 13 31 80 
3.259349 13 0 8 
3.259349 13 1 8 
3.259349 13 2 8 
3.259349 13 3 8 
3.259349 13 4 8 
3.259349 13 5 8 
3.259349 13 6 8 
3.259349 13 7 8 
3.259349 13 8 8 
3.259349 13 9 8 
3.259349 13 10 8 
3.259349 13 11 8 
3.259349 13 12 8 
3.259349 13 13 8 
3.259349 13 14 8 
3.259349 13 15 8 
3.259349 13 16 8 
3.259349 13 17 8 
3.259349 13 18 8 
3.259349 13 19 8 
3.259349 13 20 8 
3.259349 13 21 8 
3.259349 13 22 8 
3.259349 13 23 8 
3.259349 13 24 8 
3.259349 13 25 8 
3.259349 13 26 8 
3.259349 13 27 8 
3.259349 13 28 8 
3.259349 13 29 8 
3.259349 13 30 8 
3.259349 13 31 8 
2.093247 14 0 8 
2.093247 14 1 8 
2.093247 14 2 8 
2.093247 14 3 8 
2.093247 14 4 8 
2.093247 14 5 8 
2.093247 14 6 8 
2.093247 14 7 8 
2.093247 14 8 8 
2.093247 14 9 8 
2.093247 14 10 8 
2.093247 14 11 8 
2.093247 14 12 8 
2.093247 14 13 8 
2.093247 14 14 8 
2.093247 14 15 8 
2.093247 14 16 8 
2.093247 14 17 8 
2.093247 14 18 8 
2.093247 14 19 8 
2.093247 14 20 8 
2.093247 14 21 8 
2.093247 14 22 8 
2.093247 14 23 8 
2.093247 14 24 8 
2.093247 14 25 8 
2.093247 14 26 8 
2.093247 14 27 8 
2.093247 14 28 8 
2.093247 14 29 8 
2.093247 14 30 8 
2.093247 14 31 8 
2.502056 14 0 8 
2.502056 14 1 8 
2.502056 14 2 8 
2.502056 14 3 8 
2.502056 14 4 8 
2.502056 14 5 8 
2.502056 14 6 8 
2.502056 14 7 8 
2.502056 14 8 8 
2.502056 14 9 8 
2.502056 14 10 8 
2.502056 14 11 8 
2.502056 14 12 8 
2.502056 14 13 8 
2.502056 14 14 8 
2.502056 14 15 8 
2.502056 14 16 8 
2.502056 14 17 8 
2.502056 14 18 8 
2.502056 14 19 8 
2.502056 14 20 8 
2.502056 14 21 8 
2.502056 14 22 8 
2.502056 14 23 8 
2.502056 14 24 8 
2.502056 14 25 8 
2.502056 14 26 8 
2.502056 14 27 8 
2.502056 14 28 8 
2.502056 14 29 8 
2.502056 14 30 8 
2.502056 14 31 8 
2.843800 14 0 80 
2.843800 14 1 80 
2.843800 14 2 80 
2.843800 14 3 80 
2.843800 14 4 80 
2.843800 14 5 80 
2.843800 14 6 80 
2.843800 14 7 80 
2.843800 14 8 80 
2.843800 14 9 80 
2.843800 14 10 80 
2.843800 14 11 80 
2.843800 14 12 80 
2.843800 14 13 80 
2.843800 14 14 80 
2.843800 14 15 80 
2.843800 14 16 80 
2.843800 14 17 80 
2.843800 14 18 80 
2.843800 14 19 80 
2.843800 14 20 80 
2.843800 14 21 80 
2.843800 14 22 80 
2.843800 14 23 80 
2.843800 14 24 80 
2.843800 14 25 80 
2.843800 14 26 80 
2.843800 14 27 80 
2.843800 14 28 80 
2.843800 14 29 80 
2.843800 14 30 80 
2.843800 14 31 80 
3.258277 14 0 8 
3.258277 14 1 8 
3.258277 14 2 8 
3.258277 14 3 8 
3.258277 14 4 8 
3.258277 14 5 8 
3.258277 14 6 8 
3.258277 14 7 8 
3.258277 14 8 8 
3.258277 14 9 8 
3.258277 14 10 8 
3.258277 14 11 8 
3.258277 14 12 8 
3.258277 14 13 8 
3.258277 14 14 8 
3.258277 14 15 8 
3.258277 14 16 8 
3.258277 14 17 8 
3.258277 14 18 8 
3.258277 14 19 8 
3.258277 14 20 8 
3.258277 14 21 8 
3.258277 14 22 8 
3.258277 14 23 8 
3.258277 14 24 8 
3.258277 14 25 8 
3.258277 14 26 8 
3.258277 14 27 8 
3.258277 14 28 8 
3.258277 14 29 8 
3.258277 14 30 8 
3.258277 14 31 8 
2.093912 15 0 8 
2.093912 15 1 8 
2.093912 15 2 8 
2.093912 15 3 8 
2.093912 15 4 8 
2.093912 15 5 8 
2.093912 15 6 8 
2.093912 15 7 8 
2.093912 15 8 8 
2.093912 15 9 8 
2.093912 15 10 8 
2.093912 15 11 8 
2.093912 15 12 8 
2.093912 15 13 8 
2.093912 15 14 8 
2.093912 15 15 8 
2.093912 15 16 8 
2.093912 15 17 8 
2.093912 15 18 8 
2.093912 15 19 8 
2.093912 15 20 8 
2.093912 15 21 8 
2.093912 15 22 8 
2.093912 15 23 8 
2.093912 15 24 8 
2.093912 15 25 8 
2.093912 15 26 8 
2.093912 15 27 8 
2.093912 15 28 8 
2.093912 15 29 8 
2.093912 15 30 8 
2.093912 15 31 8 
2.502720 15 0 8 
2.502720 15 1 8 
2.502720 15 2 8 
2.502720 15 3 8 
2.502720 15 4 8 
2.502720 15 5 8 
2.502720 15 6 8 
2.502720 15 7 8 
2.502720 15 8 8 
2.502720 15 9 8 
2.502720 15 10 8 
2.502720 15 11 8 
2.502720 15 12 8 
2.502720 15 13 8 
2.502720 15 14 8 
2.502720 15 15 8 
2.502720 15 16 8 
2.502720 15 17 8 
2.502720 15 18 8 
2.502720 15 19 8 
2.502720 15 20 8 
2.502720 15 21 8 
2.502720 15 22 8 
2.502720 15 23 8 
2.502720 15 24 8 
2.502720 15 25 8 
2.502720 15 26 8 
2.502720 15 27 8 
2.502720 15 28 8 
2.502720 15 29 8 
2.502720 15 30 8 
2.502720 15 31 8 
2.844714 15 0 80 
2.844714 15 1 80 
2.844714 15 2 80 
2.844714 15 3 80 
2.844714 15 4 80 
2.844714 15 5 80 
2.844714 15 6 80 
2.844714 15 7 80 
2.844714 15 8 80 
2.844714 15 9 80 
2.844714 15 10 80 
2.844714 15 11 80 
2.844714 15 12 80 
2.844714 15 13 80 
2.844714 15 14 80 
2.844714 15 15 80 
2.844714 15 16 80 
2.844714 15 17 80 
2.844714 15 18 80 
2.844714 15 19 80 
2.844714 15 20 80 
2.844714 15 21 80 
2.844714 15 22 80 
2.844714 15 23 80 
2.844714 15 24 80 
2.844714 15 25 80 
2.844714 15 26 80 
2.844714 15 27 80 
2.844714 15 28 80 
2.844714 15 29 80 
2.844714 15 30 80 
2.844714 15 31 80 
3.258956 15 0 8 
3.258956 15 1 8 
3.258956 15 2 8 
3.258956 15 3 8 
3.258956 15 4 8 
3.258956 15 5 8 
3.258956 15 6 8 
3.258956 15 7 8 
3.258956 15 8 8 
3.258956 15 9 8 
3.258956 15 10 8 
3.258956 15 11 8 
3.258956 15 12 8 
3.258956 15 13 8 
3.258956 15 14 8 
3.258956 15 15 8 
3.258956 15 16 8 
3.258956 15 17 8 
3.258956 15 18 8 
3.258956 15 19 8 
3.258956 15 20 8 
3.258956 15 21 8 
3.258956 15 22 8 
3.258956 15 23 8 
3.258956 15 24 8 
3.258956 15 25 8 
3.258956 15 26 8 
3.258956 15 27 8 
3.258956 15 28 8 
3.258956 15 29 8 
3.258956 15 30 8 
3.258956 15 31 8 
2.093669 16 0 8 
2.093669 16 1 8 
2.093669 16 2 8 
2.093669 16 3 8 
2.093669 16 4 8 
2.093669 16 5 8 
2.093669 16 6 8 
2.093669 16 7 8 
2.093669 16 8 8 
2.093669 16 9 8 
2.093669 16 10 8 
2.093669 16 11 8 
2.093669 16 12 8 
2.093669 16 13 8 
2.093669 16 14 8 
2.093669 16 15 8 
2.093669 16 16 8 
2.093669 16 17 8 
2.093669 16 18 8 
2.093669 16 19 8 
2.093669 16 20 8 
2.093669 16 21 8 
2.093669 16 22 8 
2.093669 16 23 8 
2.093669 16 24 8 
2.093669 16 25 8 
2.093669 16 26 8 
2.093669 16 27 8 
2.093669 16 28 8 
2.093669 16 29 8 
2.093669 16 30 8 
2.093669 16 31 8 
2.502459 16 0 8 
2.502459 16 1 8 
2.502459 16 2 8 
2.502459 16 3 8 
2.502459 16 4 8 
2.502459 16 5 8 
2.502459 16 6 8 
2.502459 16 7 8 
2.502459 16 8 8 
2.502459 16 9 8 
2.502459 16 10 8 
2.502459 16 11 8 
2.502459 16 12 8 
2.502459 16 13 8 
2.502459 16 14 8 
2.502459 16 15 8 
2.502459 16 16 8 
2.502459 16 17 8 
2.502459 16 18 8 
2.502459 16 19 8 
2.502459 16 20 8 
2.502459 16 21 8 
2.502459 16 22 8 
2.502459 16 23 8 
2.502459 16 24 8 
2.502459 16 25 8 
2.502459 16 26 8 
2.502459 16 27 8 
2.502459 16 28 8 
2.502459 16 29 8 
2.502459 16 30 8 
2.502459 16 31 8 
2.844009 16 0 80 
2.844009 16 1 80 
2.844009 16 2 80 
2.844009 16 3 80 
2.844009 16 4 80 
2.844009 16 5 80 
2.844009 16 6 80 
2.844009 16 7 80 
2.844009 16 8 80 
2.844009 16 9 80 
2.844009 16 10 80 
2.844009 16 11 80 
2.844009 16 12 80 
2.844009 16 13 80 
2.844009 16 14 80 
2.844009 16 15 80 
2.844009 16 16 80 
2.844009 16 17 80 
2.844009 16 18 80 
2.844009 16 19 80 
2.844009 16 20 80 
2.844009 16 21 80 
2.844009 16 22 80 
2.844009 16 23 80 
2.844009 16 24 80 
2.844009 16 25 80 
2.844009 16 26 80 
2.844009 16 27 80 
2.844009 16 28 80 
2.844009 16 29 80 
2.844009 16 30 80 
2.844009 16 31 80 
3.258737 16 0 8 
3.258737 16 1 8 
3.258737 16 2 8 
3.258737 16 3 8 
3.258737 16 4 8 
3.258737 16 5 8 
3.258737 16 6 8 
3.258737 16 7 8 
3.258737 16 8 8 
3.258737 16 9 8 
3.258737 16 10 8 
3.258737 16 11 8 
3.258737 16 12 8 
3.258737 16 13 8 
3.258737 16 14 8 
3.258737 16 15 8 
3.258737 16 16 8 
3.258737 16 17 8 
3.258737 16 18 8 
3.258737 16 19 8 
3.258737 16 20 8 
3.258737 16 21 8 
3.258737 16 22 8 
3.258737 16 23 8 
3.258737 16 24 8 
3.258737 16 25 8 
3.258737 16 26 8 
3.258737 16 27 8 
3.258737 16 28 8 
3.258737 16 29 8 
3.258737 16 30 8 
3.258737 16 31 8 
2.093754 17 0 8 
2.093754 17 1 8 
2.093754 17 2 8 
2.093754 17 3 8 
2.093754 17 4 8 
2.093754 17 5 8 
2.093754 17 6 8 
2.093754 17 7 8 
2.093754 17 8 8 
2.093754 17 9 8 
2.093754 17 10 8 
2.093754 17 11 8 
2.093754 17 12 8 
2.093754 17 13 8 
2.093754 17 14 8 
2.093754 17 15 8 
2.093754 17 16 8 
2.093754 17 17 8 
2.093754 17 18 8 
2.093754 17 19 8 
2.093754 17 20 8 
2.093754 17 21 8 
2.093754 17 22 8 
2.093754 17 23 8 
2.093754 17 24 8 
2.093754 17 25 8 
2.093754 17 26 8 
2.093754 17 27 8 
2.093754 17 28 8 
2.093754 17 29 8 
2.093754 17 30 8 
2.093754 17 31 8 
2.502603 17 0 8 
2.502603 17 1 8 
2.502603 17 2 8 
2.502603 17 3 8 
2.502603 17 4 8 
2.502603 17 5 8 
2.502603 17 6 8 
2.502603 17 7 8 
2.502603 17 8 8 
2.502603 17 9 8 
2.502603 17 10 8 
2.502603 17 11 8 
2.502603 17 12 8 
2.502603 17 13 8 
2.502603 17 14 8 
2.502603 17 15 8 
2.502603 17 16 8 
2.502603 17 17 8 
2.502603 17 18 8 
2.502603 17 19 8 
2.502603 17 20 8 
2.502603 17 21 8 
2.502603 17 22 8 
2.502603 17 23 8 
2.502603 17 24 8 
2.502603 17 25 8 
2.502603 17 26 8 
2.502603 17 27 8 
2.502603 17 28 8 
2.502603 17 29 8 
2.502603 17 30 8 
2.502603 17 31 8 
2.844446 17 0 80 
2.844446 17 1 80 
2.844446 17 2 80 
2.844446 17 3 80 
2.844446 17 4 80 
2.844446 17 5 80 
2.844446 17 6 80 
2.844446 17 7 80 
2.844446 17 8 80 
2.844446 17 9 80 
2.844446 17 10 80 
2.844446 17 11 80 
2.844446 17 12 80 
2.844446 17 13 80 
2.844446 17 14 80 
2.844446 17 15 80 
2.844446 17 16 80 
2.844446 17 17 80 
2.844446 17 18 80 
2.844446 17 19 80 
2.844446 17 20 80 
2.844446 17 21 80 
2.844446 17 22 80 
2.844446 17 23 80 
2.844446 17 24 80 
2.844446 17 25 80 
2.844446 17 26 80 
2.844446 17 27 80 
2.844446 17 28 80 
2.844446 17 29 80 
2.844446 17 30 80 
2.844446 17 31 80 
3.258997 17 0 8 
3.258997 17 1 8 
3.258997 17 2 8 
3.258997 17 3 8 
3.258997 17 4 8 
3.258997 17 5 8 
3.258997 17 6 8 
3.258997 17 7 8 
3.258997 17 8 8 
3.258997 17 9 8 
3.258997 17 10 8 
3.258997 17 11 8 
3.258997 17 12 8 
3.258997 17 13 8 
3.258997 17 14 8 
3.258997 17 15 8 
3.258997 17 16 8 
3.258997 17 17 8 
3.258997 17 18 8 
3.258997 17 19 8 
3.258997 17 20 8 
3.258997 17 21 8 
3.258997 17 22 8 
3.258997 17 23 8 
3.258997 17 24 8 
3.258997 17 25 8 
3.258997 17 26 8 
3.258997 17 27 8 
3.258997 17 28 8 
3.258997 17 29 8 
3.258997 17 30 8 
3.258997 17 31 8 
2.094118 18 0 8 
2.094118 18 1 8 
2.094118 18 2 8 
2.094118 18 3 8 
2.094118 18 4 8 
2.094118 18 5 8 
2.094118 18 6 8 
2.094118 18 7 8 
2.094118 18 8 8 
2.094118 18 9 8 
2.094118 18 10 8 
2.094118 18 11 8 
2.094118 18 12 8 
2.094118 18 13 8 
2.094118 18 14 8 
2.094118 18 15 8 
2.094118 18 16 8 
2.094118 18 17 8 
2.094118 18 18 8 
2.094118 18 19 8 
2.094118 18 20 8 
2.094118 18 21 8 
2.094118 18 22 8 
2.094118 18 23 8 
2.094118 18 24 8 
2.094118 18 25 8 
2.094118 18 26 8 
2.094118 18 27 8 
2.094118 18 28 8 
2.094118 18 29 8 
2.094118 18 30 8 
2.094118 18 31 8 
2.502894 18 0 8 
2.502894 18 1 8 
2.502894 18 2 8 
2.502894 18 3 8 
2.502894 18 4 8 
2.502894 18 5 8 
2.502894 18 6 8 
2.502894 18 7 8 
2.502894 18 8 8 
2.502894 18 9 8 
2.502894 18 10 8 
2.502894 18 11 8 
2.502894 18 12 8 
2.502894 18 13 8 
2.502894 18 14 8 
2.502894 18 15 8 
2.502894 18 16 8 
2.502894 18 17 8 
2.502894 18 18 8 
2.502894 18 19 8 
2.502894 18 20 8 
2.502894 18 21 8 
2.502894 18 22 8 
2.502894 18 23 8 
2.502894 18 24 8 
2.502894 18 25 8 
2.502894 18 26 8 
2.502894 18 27 8 
2.502894 18 28 8 
2.502894 18 29 8 
2.502894 18 30 8 
2.502894 18 31 8 
2.844208 18 0 80 
2.844208 18 1 80 
2.844208 18 2 80 
2.844208 18 3 80 
2.844208 18 4 80 
2.844208 18 5 80 
2.844208 18 6 80 
2.844208 18 7 80 
2.844208 18 8 80 
2.844208 18 9 80 
2.844208 18 10 80 
2.844208 18 11 80 
2.844208 18 12 80 
2.844208 18 13 80 
2.844208 18 14 80 
2.844208 18 15 80 
2.844208 18 16 80 
2.844208 18 17 80 
2.844208 18 18 80 
2.844208 18 19 80 
2.844208 18 20 80 
2.844208 18 21 80 
2.844208 18 22 80 
2.844208 18 23 80 
2.844208 18 24 80 
2.844208 18 25 80 
2.844208 18 26 80 
2.844208 18 27 80 
2.844208 18 28 80 
2.844208 18 29 80 
2.844208 18 30 80 
2.844208 18 31 80 
3.259123 18 0 8 
3.259123 18 1 8 
3.259123 18 2 8 
3.259123 18 3 8 
3.259123 18 4 8 
3.259123 18 5 8 
3.259123 18 6 8 
3.259123 18 7 8 
3.259123 18 8 8 
3.259123 18 9 8 
3.259123 18 10 8 
3.259123 18 11 8 
3.259123 18 12 8 
3.259123 18 13 8 
3.259123 18 14 8 
3.259123 18 15 8 
3.259123 18 16 8 
3.259123 18 17 8 
3.259123 18 18 8 
3.259123 18 19 8 
3.259123 18 20 8 
3.259123 18 21 8 
3.259123 18 22 8 
3.259123 18 23 8 
3.259123 18 24 8 
3.259123 18 25 8 
3.259123 18 26 8 
3.259123 18 27 8 
3.259123 18 28 8 
3.259123 18 29 8 
3.259123 18 30 8 
3.259123 18 31 8 
2.092784 19 0 8 
2.092784 19 1 8 
2.092784 19 2 8 
2.092784 19 3 8 
2.092784 19 4 8 
2.092784 19 5 8 
2.092784 19 6 8 
2.092784 19 7 8 
2.092784 19 8 8 
2.092784 19 9 8 
2.092784 19 10 8 
2.092784 19 11 8 
2.092784 19 12 8 
2.092784 19 13 8 
2.092784 19 14 8 
2.092784 19 15 8 
2.092784 19 16 8 
2.092784 19 17 8 
2.092784 19 18 8 
2.092784 19 19 8 
2.092784 19 20 8 
2.092784 19 21 8 
2.092784 19 22 8 
2.092784 19 23 8 
2.092784 19 24 8 
2.092784 19 25 8 
2.092784 19 26 8 
2.092784 19 27 8 
2.092784 19 28 8 
2.092784 19 29 8 
2.092784 19 30 8 
2.092784 19 31 8 
2.501587 19 0 8 
2.501587 19 1 8 
2.501587 19 2 8 
2.501587 19 3 8 
2.501587 19 4 8 
2.501587 19 5 8 
2.501587 19 6 8 
2.501587 19 7 8 
2.501587 19 8 8 
2.501587 19 9 8 
2.501587 19 10 8 
2.501587 19 11 8 
2.501587 19 12 8 
2.501587 19 13 8 
2.501587 19 14 8 
2.501587 19 15 8 
2.501587 19 16 8 
2.501587 19 17 8 
2.501587 19 18 8 
2.501587 19 19 8 
2.501587 19 20 8 
2.501587 19 21 8 
2.501587 19 22 8 
2.501587 19 23 8 
2.501587 19 24 8 
2.501587 19 25 8 
2.501587 19 26 8 
2.501587 19 27 8 
2.501587 19 28 8 
2.501587 19 29 8 
2.501587 19 30 8 
2.501587 19 31 8 
2.843124 19 0 80 
2.843124 19 1 80 
2.843124 19 2 80 
2.843124 19 3 80 
2.843124 19 4 80 
2.843124 19 5 80 
2.843124 19 6 80 
2.843124 19 7 80 
2.843124 19 8 80 
2.843124 19 9 80 
2.843124 19 10 80 
2.843124 19 11 80 
2.843124 19 12 80 
2.843124 19 13 80 
2.843124 19 14 80 
2.843124 19 15 80 
2.843124 19 16 80 
2.843124 19 17 80 
2.843124 19 18 80 
2.843124 19 19 80 
2.843124 19 20 80 
2.843124 19 21 80 
2.843124 19 22 80 
2.843124 19 23 80 
2.843124 19 24 80 
2.843124 19 25 80 
2.843124 19 26 80 
2.843124 19 27 80 
2.843124 19 28 80 
2.843124 19 29 80 
2.843124 19 30 80 
2.843124 19 31 80 
3.257848 19 0 8 
3.257848 19 1 8 
3.257848 19 2 8 
3.257848 19 3 8 
3.257848 19 4 8 
3.257848 19 5 8 
3.257848 19 6 8 
3.257848 19 7 8 
3.257848 19 8 8 
3.257848 19 9 8 
3.257848 19 10 8 
3.257848 19 11 8 
3.257848 19 12 8 
3.257848 19 13 8 
3.257848 19 14 8 
3.257848 19 15 8 
3.257848 19 16 8 
3.257848 19 17 8 
3.257848 19 18 8 
3.257848 19 19 8 
3.257848 19 20 8 
3.257848 19 21 8 
3.257848 19 22 8 
3.257848 19 23 8 
3.257848 19 24 8 
3.257848 19 25 8 
3.257848 19 26 8 
3.257848 19 27 8 
3.257848 19 28 8 
3.257848 19 29 8 
3.257848 19 30 8 
3.257848 19 31 8 
2.097907 20 0 8 
2.097907 20 1 8 
2.097907 20 2 8 
2.097907 20 3 8 
2.097907 20 4 8 
2.097907 20 5 8 
2.097907 20 6 8 
2.097907 20 7 8 
2.097907 20 8 8 
2.097907 20 9 8 
2.097907 20 10 8 
2.097907 20 11 8 
2.097907 20 12 8 
2.097907 20 13 8 
2.097907 20 14 8 
2.097907 20 15 8 
2.097907 20 16 8 
2.097907 20 17 8 
2.097907 20 18 8 
2.097907 20 19 8 
2.097907 20 20 8 
2.097907 20 21 8 
2.097907 20 22 8 
2.097907 20 23 8 
2.097907 20 24 8 
2.097907 20 25 8 
2.097907 20 26 8 
2.097907 20 27 8 
2.097907 20 28 8 
2.097907 20 29 8 
2.097907 20 30 8 
2.097907 20 31 8 
2.506651 20 0 8 
2.506651 20 1 8 
2.506651 20 2 8 
2.506651 20 3 8 
2.506651 20 4 8 
2.506651 20 5 8 
2.506651 20 6 8 
2.506651 20 7 8 
2.506651 20 8 8 
2.506651 20 9 8 
2.506651 20 10 8 
2.506651 20 11 8 
2.506651 20 12 8 
2.506651 20 13 8 
2.506651 20 14 8 
2.506651 20 15 8 
2.506651 20 16 8 
2.506651 20 17 8 
2.506651 20 18 8 
2.506651 20 19 8 
2.506651 20 20 8 
2.506651 20 21 8 
2.506651 20 22 8 
2.506651 20 23 8 
2.506651 20 24 8 
2.506651 20 25 8 
2.506651 20 26 8 
2.506651 20 27 8 
2.506651 20 28 8 
2.506651 20 29 8 
2.506651 20 30 8 
2.506651 20 31 8 
2.848206 20 0 80 
2.848206 20 1 80 
2.848206 20 2 80 
2.848206 20 3 80 
2.848206 20 4 80 
2.848206 20 5 80 
2.848206 20 6 80 
2.848206 20 7 80 
2.848206 20 8 80 
2.848206 20 9 80 
2.848206 20 10 80 
2.848206 20 11 80 
2.848206 20 12 80 
2.848206 20 13 80 
2.848206 20 14 80 
2.848206 20 15 80 
2.848206 20 16 80 
2.848206 20 17 80 
2.848206 20 18 80 
2.848206 20 19 80 
2.848206 20 20 80 
2.848206 20 21 80 
2.848206 20 22 80 
2.848206 20 23 80 
2.848206 20 24 80 
2.848206 20 25 80 
2.848206 20 26 80 
2.848206 20 27 80 
2.848206 20 28 80 
2.848206 20 29 80 
2.848206 20 30 80 
2.848206 20 31 80 
3.262858 20 0 8 
3.262858 20 1 8 
3.262858 20 2 8 
3.262858 20 3 8 
3.262858 20 4 8 
3.262858 20 5 8 
3.262858 20 6 8 
3.262858 20 7 8 
3.262858 20 8 8 
3.262858 20 9 8 
3.262858 20 10 8 
3.262858 20 11 8 
3.262858 20 12 8 
3.262858 20 13 8 
3.262858 20 14 8 
3.262858 20 15 8 
3.262858 20 16 8 
3.262858 20 17 8 
3.262858 20 18 8 
3.262858 20 19 8 
3.262858 20 20 8 
3.262858 20 21 8 
3.262858 20 22 8 
3.262858 20 23 8 
3.262858 20 24 8 
3.262858 20 25 8 
3.262858 20 26 8 
3.262858 20 27 8 
3.262858 20 28 8 
3.262858 20 29 8 
3.262858 20 30 8 
3.262858 20 31 8 
2.094300 21 0 8 
2.094300 21 1 8 
2.094300 21 2 8 
2.094300 21 3 8 
2.094300 21 4 8 
2.094300 21 5 8 
2.094300 21 6 8 
2.094300 21 7 8 
2.094300 21 8 8 
2.094300 21 9 8 
2.094300 21 10 8 
2.094300 21 11 8 
2.094300 21 12 8 
2.094300 21 13 8 
2.094300 21 14 8 
2.094300 21 15 8 
2.094300 21 16 8 
2.094300 21 17 8 
2.094300 21 18 8 
2.094300 21 19 8 
2.094300 21 20 8 
2.094300 21 21 8 
2.094300 21 22 8 
2.094300 21 23 8 
2.094300 21 24 8 
2.094300 21 25 8 
2.094300 21 26 8 
2.094300 21 27 8 
2.094300 21 28 8 
2.094300 21 29 8 
2.094300 21 30 8 
2.094300 21 31 8 
2.503105 21 0 8 
2.503105 21 1 8 
2.503105 21 2 8 
2.503105 21 3 8 
2.503105 21 4 8 
2.503105 21 5 8 
2.503105 21 6 8 
2.503105 21 7 8 
2.503105 21 8 8 
2.503105 21 9 8 
2.503105 21 10 8 
2.503105 21 11 8 
2.503105 21 12 8 
2.503105 21 13 8 
2.503105 21 14 8 
2.503105 21 15 8 
2.503105 21 16 8 
2.503105 21 17 8 
2.503105 21 18 8 
2.503105 21 19 8 
2.503105 21 20 8 
2.503105 21 21 8 
2.503105 21 22 8 
2.503105 21 23 8 
2.503105 21 24 8 
2.503105 21 25 8 
2.503105 21 26 8 
2.503105 21 27 8 
2.503105 21 28 8 
2.503105 21 29 8 
2.503105 21 30 8 
2.503105 21 31 8 
2.844977 21 0 80 
2.844977 21 1 80 
2.844977 21 2 80 
2.844977 21 3 80 
2.844977 21 4 80 
2.844977 21 5 80 
2.844977 21 6 80 
2.844977 21 7 80 
2.844977 21 8 80 
2.844977 21 9 80 
2.844977 21 10 80 
2.844977 21 11 80 
2.844977 21 12 80 
2.844977 21 13 80 
2.844977 21 14 80 
2.844977 21 15 80 
2.844977 21 16 80 
2.844977 21 17 80 
2.844977 21 18 80 
2.844977 21 19 80 
2.844977 21 20 80 
2.844977 21 21 80 
2.844977 21 22 80 
2.844977 21 23 80 
2.844977 21 24 80 
2.844977 21 25 80 
2.844977 21 26 80 
2.844977 21 27 80 
2.844977 21 28 80 
2.844977 21 29 80 
2.844977 21 30 80 
2.844977 21 31 80 
3.259420 21 0 8 
3.259420 21 1 8 
3.259420 21 2 8 
3.259420 21 3 8 
3.259420 21 4 8 
3.259420 21 5 8 
3.259420 21 6 8 
3.259420 21 7 8 
3.259420 21 8 8 
3.259420 21 9 8 
3.259420 21 10 8 
3.259420 21 11 8 
3.259420 21 12 8 
3.259420 21 13 8 
3.259420 21 14 8 
3.259420 21 15 8 
3.259420 21 16 8 
3.259420 21 17 8 
3.259420 21 18 8 
3.259420 21 19 8 
3.259420 21 20 8 
3.259420 21 21 8 
3.259420 21 22 8 
3.259420 21 23 8 
3.259420 21 24 8 
3.259420 21 25 8 
3.259420 21 26 8 
3.259420 21 27 8 
3.259420 21 28 8 
3.259420 21 29 8 
3.259420 21 30 8 
3.259420 21 31 8 
2.094274 22 0 8 
2.094274 22 1 8 
2.094274 22 2 8 
2.094274 22 3 8 
2.094274 22 4 8 
2.094274 22 5 8 
2.094274 22 6 8 
2.094274 22 7 8 
2.094274 22 8 8 
2.094274 22 9 8 
2.094274 22 10 8 
2.094274 22 11 8 
2.094274 22 12 8 
2.094274 22 13 8 
2.094274 22 14 8 
2.094274 22 15 8 
2.094274 22 16 8 
2.094274 22 17 8 
2.094274 22 18 8 
2.094274 22 19 8 
2.094274 22 20 8 
2.094274 22 21 8 
2.094274 22 22 8 
2.094274 22 23 8 
2.094274 22 24 8 
2.094274 22 25 8 
2.094274 22 26 8 
2.094274 22 27 8 
2.094274 22 28 8 
2.094274 22 29 8 
2.094274 22 30 8 
2.094274 22 31 8 
2.503043 22 0 8 
2.503043 22 1 8 
2.503043 22 2 8 
2.503043 22 3 8 
2.503043 22 4 8 
2.503043 22 5 8 
2.503043 22 6 8 
2.503043 22 7 8 
2.503043 22 8 8 
2.503043 22 9 8 
2.503043 22 10 8 
2.503043 22 11 8 
2.503043 22 12 8 
2.503043 22 13 8 
2.503043 22 14 8 
2.503043 22 15 8 
2.503043 22 16 8 
2.503043 22 17 8 
2.503043 22 18 8 
2.503043 22 19 8 
2.503043 22 20 8 
2.503043 22 21 8 
2.503043 22 22 8 
2.503043 22 23 8 
2.503043 22 24 8 
2.503043 22 25 8 
2.503043 22 26 8 
2.503043 22 27 8 
2.503043 22 28 8 
2.503043 22 29 8 
2.503043 22 30 8 
2.503043 22 31 8 
2.844604 22 0 80 
2.844604 22 1 80 
2.844604 22 2 80 
2.844604 22 3 80 
2.844604 22 4 80 
2.844604 22 5 80 
2.844604 22 6 80 
2.844604 22 7 80 
2.844604 22 8 80 
2.844604 22 9 80 
2.844604 22 10 80 
2.844604 22 11 80 
2.844604 22 12 80 
2.844604 22 13 80 
2.844604 22 14 80 
2.844604 22 15 80 
2.844604 22 16 80 
2.844604 22 17 80 
2.844604 22 18 80 
2.844604 22 19 80 
2.844604 22 20 80 
2.844604 22 21 80 
2.844604 22 22 80 
2.844604 22 23 80 
2.844604 22 24 80 
2.844604 22 25 80 
2.844604 22 26 80 
2.844604 22 27 80 
2.844604 22 28 80 
2.844604 22 29 80 
2.844604 22 30 80 
2.844604 22 31 80 
3.259293 22 0 8 
3.259293 22 1 8 
3.259293 22 2 8 
3.259293 22 3 8 
3.259293 22 4 8 
3.259293 22 5 8 
3.259293 22 6 8 
3.259293 22 7 8 
3.259293 22 8 8 
3.259293 22 9 8 
3.259293 22 10 8 
3.259293 22 11 8 
3.259293 22 12 8 
3.259293 22 13 8 
3.259293 22 14 8 
3.259293 22 15 8 
3.259293 22 16 8 
3.259293 22 17 8 
3.259293 22 18 8 
3.259293 22 19 8 
3.259293 22 20 8 
3.259293 22 21 8 
3.259293 22 22 8 
3.259293 22 23 8 
3.259293 22 24 8 
3.259293 22 25 8 
3.259293 22 26 8 
3.259293 22 27 8 
3.259293 22 28 8 
3.259293 22 29 8 
3.259293 22 30 8 
3.259293 22 31 8 
2.094500 23 0 8 
2.094500 23 1 8 
2.094500 23 2 8 
2.094500 23 3 8 
2.094500 23 4 8 
2.094500 23 5 8 
2.094500 23 6 8 
2.094500 23 7 8 
2.094500 23 8 8 
2.094500 23 9 8 
2.094500 23 10 8 
2.094500 23 11 8 
2.094500 23 12 8 
2.094500 23 13 8 
2.094500 23 14 8 
2.094500 23 15 8 
2.094500 23 16 8 
2.094500 23 17 8 
2.094500 23 18 8 
2.094500 23 19 8 
2.094500 23 20 8 
2.094500 23 21 8 
2.094500 23 22 8 
2.094500 23 23 8 
2.094500 23 24 8 
2.094500 23 25 8 
2.094500 23 26 8 
2.094500 23 27 8 
2.094500 23 28 8 
2.094500 23 29 8 
2.094500 23 30 8 
2.094500 23 31 8 
2.503287 23 0 8 
2.503287 23 1 8 
2.503287 23 2 8 
2.503287 23 3 8 
2.503287 23 4 8 
2.503287 23 5 8 
2.503287 23 6 8 
2.503287 23 7 8 
2.503287 23 8 8 
2.503287 23 9 8 
2.503287 23 10 8 
2.503287 23 11 8 
2.503287 23 12 8 
2.503287 23 13 8 
2.503287 23 14 8 
2.503287 23 15 8 
2.503287 23 16 8 
2.503287 23 17 8 
2.503287 23 18 8 
2.503287 23 19 8 
2.503287 23 20 8 
2.503287 23 21 8 
2.503287 23 22 8 
2.503287 23 23 8 
2.503287 23 24 8 
2.503287 23 25 8 
2.503287 23 26 8 
2.503287 23 27 8 
2.503287 23 28 8 
2.503287 23 29 8 
2.503287 23 30 8 
2.503287 23 31 8 
2.845045 23 0 80 
2.845045 23 1 80 
2.845045 23 2 80 
2.845045 23 3 80 
2.845045 23 4 80 
2.845045 23 5 80 
2.845045 23 6 80 
2.845045 23 7 80 
2.845045 23 8 80 
2.845045 23 9 80 
2.845045 23 10 80 
2.845045 23 11 80 
2.845045 23 12 80 
2.845045 23 13 80 
2.845045 23 14 80 
2.845045 23 15 80 
2.845045 23 16 80 
2.845045 23 17 80 
2.845045 23 18 80 
2.845045 23 19 80 
2.845045 23 20 80 
2.845045 23 21 80 
2.845045 23 22 80 
2.845045 23 23 80 
2.845045 23 24 80 
2.845045 23 25 80 
2.845045 23 26 80 
2.845045 23 27 80 
2.845045 23 28 80 
2.845045 23 29 80 
2.845045 23 30 80 
2.845045 23 31 80 
3.259558 23 0 8 
3.259558 23 1 8 
3.259558 23 2 8 
3.259558 23 3 8 
3.259558 23 4 8 
3.259558 23 5 8 
3.259558 23 6 8 
3.259558 23 7 8 
3.259558 23 8 8 
3.259558 23 9 8 
3.259558 23 10 8 
3.259558 23 11 8 
3.259558 23 12 8 
3.259558 23 13 8 
3.259558 23 14 8 
3.259558 23 15 8 
3.259558 23 16 8 
3.259558 23 17 8 
3.259558 23 18 8 
3.259558 23 19 8 
3.259558 23 20 8 
3.259558 23 21 8 
3.259558 23 22 8 
3.259558 23 23 8 
3.259558 23 24 8 
3.259558 23 25 8 
3.259558 23 26 8 
3.259558 23 27 8 
3.259558 23 28 8 
3.259558 23 29 8 
3.259558 23 30 8 
3.259558 23 31 8 
2.093585 24 0 8 
2.093585 24 1 8 
2.093585 24 2 8 
2.093585 24 3 8 
2.093585 24 4 8 
2.093585 24 5 8 
2.093585 24 6 8 
2.093585 24 7 8 
2.093585 24 8 8 
2.093585 24 9 8 
2.093585 24 10 8 
2.093585 24 11 8 
2.093585 24 12 8 
2.093585 24 13 8 
2.093585 24 14 8 
2.093585 24 15 8 
2.093585 24 16 8 
2.093585 24 17 8 
2.093585 24 18 8 
2.093585 24 19 8 
2.093585 24 20 8 
2.093585 24 21 8 
2.093585 24 22 8 
2.093585 24 23 8 
2.093585 24 24 8 
2.093585 24 25 8 
2.093585 24 26 8 
2.093585 24 27 8 
2.093585 24 28 8 
2.093585 24 29 8 
2.093585 24 30 8 
2.093585 24 31 8 
2.502451 24 0 8 
2.502451 24 1 8 
2.502451 24 2 8 
2.502451 24 3 8 
2.502451 24 4 8 
2.502451 24 5 8 
2.502451 24 6 8 
2.502451 24 7 8 
2.502451 24 8 8 
2.502451 24 9 8 
2.502451 24 10 8 
2.502451 24 11 8 
2.502451 24 12 8 
2.502451 24 13 8 
2.502451 24 14 8 
2.502451 24 15 8 
2.502451 24 16 8 
2.502451 24 17 8 
2.502451 24 18 8 
2.502451 24 19 8 
2.502451 24 20 8 
2.502451 24 21 8 
2.502451 24 22 8 
2.502451 24 23 8 
2.502451 24 24 8 
2.502451 24 25 8 
2.502451 24 26 8 
2.502451 24 27 8 
2.502451 24 28 8 
2.502451 24 29 8 
2.502451 24 30 8 
2.502451 24 31 8 
2.844190 24 0 80 
2.844190 24 1 80 
2.844190 24 2 80 
2.844190 24 3 80 
2.844190 24 4 80 
2.844190 24 5 80 
2.844190 24 6 80 
2.844190 24 7 80 
2.844190 24 8 80 
2.844190 24 9 80 
2.844190 24 10 80 
2.844190 24 11 80 
2.844190 24 12 80 
2.844190 24 13 80 
2.844190 24 14 80 
2.844190 24 15 80 
2.844190 24 16 80 
2.844190 24 17 80 
2.844190 24 18 80 
2.844190 24 19 80 
2.844190 24 20 80 
2.844190 24 21 80 
2.844190 24 22 80 
2.844190 24 23 80 
2.844190 24 24 80 
2.844190 24 25 80 
2.844190 24 26 80 
2.844190 24 27 80 
2.844190 24 28 80 
2.844190 24 29 80 
2.844190 24 30 80 
2.844190 24 31 80 
3.258717 24 0 8 
3.258717 24 1 8 
3.258717 24 2 8 
3.258717 24 3 8 
3.258717 24 4 8 
3.258717 24 5 8 
3.258717 24 6 8 
3.258717 24 7 8 
3.258717 24 8 8 
3.258717 24 9 8 
3.258717 24 10 8 
3.258717 24 11 8 
3.258717 24 12 8 
3.258717 24 13 8 
3.258717 24 14 8 
3.258717 24 15 8 
3.258717 24 16 8 
3.258717 24 17 8 
3.258717 24 18 8 
3.258717 24 19 8 
3.258717 24 20 8 
3.258717 24 21 8 
3.258717 24 22 8 
3.258717 24 23 8 
3.258717 24 24 8 
3.258717 24 25 8 
3.258717 24 26 8 
3.258717 24 27 8 
3.258717 24 28 8 
3.258717 24 29 8 
3.258717 24 30 8 
3.258717 24 31 8 
2.093986 25 0 8 
2.093986 25 1 8 
2.093986 25 2 8 
2.093986 25 3 8 
2.093986 25 4 8 
2.093986 25 5 8 
2.093986 25 6 8 
2.093986 25 7 8 
2.093986 25 8 8 
2.093986 25 9 8 
2.093986 25 10 8 
2.093986 25 11 8 
2.093986 25 12 8 
2.093986 25 13 8 
2.093986 25 14 8 
2.093986 25 15 8 
2.093986 25 16 8 
2.093986 25 17 8 
2.093986 25 18 8 
2.093986 25 19 8 
2.093986 25 20 8 
2.093986 25 21 8 
2.093986 25 22 8 
2.093986 25 23 8 
2.093986 25 24 8 
2.093986 25 25 8 
2.093986 25 26 8 
2.093986 25 27 8 
2.093986 25 28 8 
2.093986 25 29 8 
2.093986 25 30 8 
2.093986 25 31 8 
2.502861 25 0 8 
2.502861 25 1 8 
2.502861 25 2 8 
2.502861 25 3 8 
2.502861 25 4 8 
2.502861 25 5 8 
2.502861 25 6 8 
2.502861 25 7 8 
2.502861 25 8 8 
2.502861 25 9 8 
2.502861 25 10 8 
2.502861 25 11 8 
2.502861 25 12 8 
2.502861 25 13 8 
2.502861 25 14 8 
2.502861 25 15 8 
2.502861 25 16 8 
2.502861 25 17 8 
2.502861 25 18 8 
2.502861 25 19 8 
2.502861 25 20 8 
2.502861 25 21 8 
2.502861 25 22 8 
2.502861 25 23 8 
2.502861 25 24 8 
2.502861 25 25 8 
2.502861 25 26 8 
2.502861 25 27 8 
2.502861 25 28 8 
2.502861 25 29 8 
2.502861 25 30 8 
2.502861 25 31 8 
2.844857 25 0 80 
2.844857 25 1 80 
2.844857 25 2 80 
2.844857 25 3 80 
2.844857 25 4 80 
2.844857 25 5 80 
2.844857 25 6 80 
2.844857 25 7 80 
2.844857 25 8 80 
2.844857 25 9 80 
2.844857 25 10 80 
2.844857 25 11 80 
2.844857 25 12 80 
2.844857 25 13 80 
2.844857 25 14 80 
2.844857 25 15 80 
2.844857 25 16 80 
2.844857 25 17 80 
2.844857 25 18 80 
2.844857 25 19 80 
2.844857 25 20 80 
2.844857 25 21 80 
2.844857 25 22 80 
2.844857 25 23 80 
2.844857 25 24 80 
2.844857 25 25 80 
2.844857 25 26 80 
2.844857 25 27 80 
2.844857 25 28 80 
2.844857 25 29 80 
2.844857 25 30 80 
2.844857 25 31 80 
3.259137 25 0 8 
3.259137 25 1 8 
3.259137 25 2 8 
3.259137 25 3 8 
3.259137 25 4 8 
3.259137 25 5 8 
3.259137 25 6 8 
3.259137 25 7 8 
3.259137 25 8 8 
3.259137 25 9 8 
3.259137 25 10 8 
3.259137 25 11 8 
3.259137 25 12 8 
3.259137 25 13 8 
3.259137 25 14 8 
3.259137 25 15 8 
3.259137 25 16 8 
3.259137 25 17 8 
3.259137 25 18 8 
3.259137 25 19 8 
3.259137 25 20 8 
3.259137 25 21 8 
3.259137 25 22 8 
3.259137 25 23 8 
3.259137 25 24 8 
3.259137 25 25 8 
3.259137 25 26 8 
3.259137 25 27 8 
3.259137 25 28 8 
3.259137 25 29 8 
3.259137 25 30 8 
3.259137 25 31 8 
2.093726 26 0 8 
2.093726 26 1 8 
2.093726 26 2 8 
2.093726 26 3 8 
2.093726 26 4 8 
2.093726 26 5 8 
2.093726 26 6 8 
2.093726 26 7 8 
2.093726 26 8 8 
2.093726 26 9 8 
2.093726 26 10 8 
2.093726 26 11 8 
2.093726 26 12 8 
2.093726 26 13 8 
2.093726 26 14 8 
2.093726 26 15 8 
2.093726 26 16 8 
2.093726 26 17 8 
2.093726 26 18 8 
2.093726 26 19 8 
2.093726 26 20 8 
2.093726 26 21 8 
2.093726 26 22 8 
2.093726 26 23 8 
2.093726 26 24 8 
2.093726 26 25 8 
2.093726 26 26 8 
2.093726 26 27 8 
2.093726 26 28 8 
2.093726 26 29 8 
2.093726 26 30 8 
2.093726 26 31 8 
2.502743 26 0 8 
2.502743 26 1 8 
2.502743 26 2 8 
2.502743 26 3 8 
2.502743 26 4 8 
2.502743 26 5 8 
2.502743 26 6 8 
2.502743 26 7 8 
2.502743 26 8 8 
2.502743 26 9 8 
2.502743 26 10 8 
2.502743 26 11 8 
2.502743 26 12 8 
2.502743 26 13 8 
2.502743 26 14 8 
2.502743 26 15 8 
2.502743 26 16 8 
2.502743 26 17 8 
2.502743 26 18 8 
2.502743 26 19 8 
2.502743 26 20 8 
2.502743 26 21 8 
2.502743 26 22 8 
2.502743 26 23 8 
2.502743 26 24 8 
2.502743 26 25 8 
2.502743 26 26 8 
2.502743 26 27 8 
2.502743 26 28 8 
2.502743 26 29 8 
2.502743 26 30 8 
2.502743 26 31 8 
2.844079 26 0 80 
2.844079 26 1 80 
2.844079 26 2 80 
2.844079 26 3 80 
2.844079 26 4 80 
2.844079 26 5 80 
2.844079 26 6 80 
2.844079 26 7 80 
2.844079 26 8 80 
2.844079 26 9 80 
2.844079 26 10 80 
2.844079 26 11 80 
2.844079 26 12 80 
2.844079 26 13 80 
2.844079 26 14 80 
2.844079 26 15 80 
2.844079 26 16 80 
2.844079 26 17 80 
2.844079 26 18 80 
2.844079 26 19 80 
2.844079 26 20 80 
2.844079 26 21 80 
2.844079 26 22 80 
2.844079 26 23 80 
2.844079 26 24 80 
2.844079 26 25 80 
2.844079 26 26 80 
2.844079 26 27 80 
2.844079 26 28 80 
2.844079 26 29 80 
2.844079 26 30 80 
2.844079 26 31 80 
3.258806 26 0 8 
3.258806 26 1 8 
3.258806 26 2 8 
3.258806 26 3 8 
3.258806 26 4 8 
3.258806 26 5 8 
3.258806 26 6 8 
3.258806 26 7 8 
3.258806 26 8 8 
3.258806 26 9 8 
3.258806 26 10 8 
3.258806 26 11 8 
3.258806 26 12 8 
3.258806 26 13 8 
3.258806 26 14 8 
3.258806 26 15 8 
3.258806 26 16 8 
3.258806 26 17 8 
3.258806 26 18 8 
3.258806 26 19 8 
3.258806 26 20 8 
3.258806 26 21 8 
3.258806 26 22 8 
3.258806 26 23 8 
3.258806 26 24 8 
3.258806 26 25 8 
3.258806 26 26 8 
3.258806 26 27 8 
3.258806 26 28 8 
3.258806 26 29 8 
3.258806 26 30 8 
3.258806 26 31 8 
2.093456 27 0 8 
2.093456 27 1 8 
2.093456 27 2 8 
2.093456 27 3 8 
2.093456 27 4 8 
2.093456 27 5 8 
2.093456 27 6 8 
2.093456 27 7 8 
2.093456 27 8 8 
2.093456 27 9 8 
2.093456 27 10 8 
2.093456 27 11 8 
2.093456 27 12 8 
2.093456 27 13 8 
2.093456 27 14 8 
2.093456 27 15 8 
2.093456 27 16 8 
2.093456 27 17 8 
2.093456 27 18 8 
2.093456 27 19 8 
2.093456 27 20 8 
2.093456 27 21 8 
2.093456 27 22 8 
2.093456 27 23 8 
2.093456 27 24 8 
2.093456 27 25 8 
2.093456 27 26 8 
2.093456 27 27 8 
2.093456 27 28 8 
2.093456 27 29 8 
2.093456 27 30 8 
2.093456 27 31 8 
2.502386 27 0 8 
2.502386 27 1 8 
2.502386 27 2 8 
2.502386 27 3 8 
2.502386 27 4 8 
2.502386 27 5 8 
2.502386 27 6 8 
2.502386 27 7 8 
2.502386 27 8 8 
2.502386 27 9 8 
2.502386 27 10 8 
2.502386 27 11 8 
2.502386 27 12 8 
2.502386 27 13 8 
2.502386 27 14 8 
2.502386 27 15 8 
2.502386 27 16 8 
2.502386 27 17 8 
2.502386 27 18 8 
2.502386 27 19 8 
2.502386 27 20 8 
2.502386 27 21 8 
2.502386 27 22 8 
2.502386 27 23 8 
2.502386 27 24 8 
2.502386 27 25 8 
2.502386 27 26 8 
2.502386 27 27 8 
2.502386 27 28 8 
2.502386 27 29 8 
2.502386 27 30 8 
2.502386 27 31 8 
2.844158 27 0 80 
2.844158 27 1 80 
2.844158 27 2 80 
2.844158 27 3 80 
2.844158 27 4 80 
2.844158 27 5 80 
2.844158 27 6 80 
2.844158 27 7 80 
2.844158 27 8 80 
2.844158 27 9 80 
2.844158 27 10 80 
2.844158 27 11 80 
2.844158 27 12 80 
2.844158 27 13 80 
2.844158 27 14 80 
2.844158 27 15 80 
2.844158 27 16 80 
2.844158 27 17 80 
2.844158 27 18 80 
2.844158 27 19 80 
2.844158 27 20 80 
2.844158 27 21 80 
2.844158 27 22 80 
2.844158 27 23 80 
2.844158 27 24 80 
2.844158 27 25 80 
2.844158 27 26 80 
2.844158 27 27 80 
2.844158 27 28 80 
2.844158 27 29 80 
2.844158 27 30 80 
2.844158 27 31 80 
3.258712 27 0 8 
3.258712 27 1 8 
3.258712 27 2 8 
3.258712 27 3 8 
3.258712 27 4 8 
3.258712 27 5 8 
3.258712 27 6 8 
3.258712 27 7 8 
3.258712 27 8 8 
3.258712 27 9 8 
3.258712 27 10 8 
3.258712 27 11 8 
3.258712 27 12 8 
3.258712 27 13 8 
3.258712 27 14 8 
3.258712 27 15 8 
3.258712 27 16 8 
3.258712 27 17 8 
3.258712 27 18 8 
3.258712 27 19 8 
3.258712 27 20 8 
3.258712 27 21 8 
3.258712 27 22 8 
3.258712 27 23 8 
3.258712 27 24 8 
3.258712 27 25 8 
3.258712 27 26 8 
3.258712 27 27 8 
3.258712 27 28 8 
3.258712 27 29 8 
3.258712 27 30 8 
3.258712 27 31 8 
2.093887 28 0 8 
2.093887 28 1 8 
2.093887 28 2 8 
2.093887 28 3 8 
2.093887 28 4 8 
2.093887 28 5 8 
2.093887 28 6 8 
2.093887 28 7 8 
2.093887 28 8 8 
2.093887 28 9 8 
2.093887 28 10 8 
2.093887 28 11 8 
2.093887 28 12 8 
2.093887 28 13 8 
2.093887 28 14 8 
2.093887 28 15 8 
2.093887 28 16 8 
2.093887 28 17 8 
2.093887 28 18 8 
2.093887 28 19 8 
2.093887 28 20 8 
2.093887 28 21 8 
2.093887 28 22 8 
2.093887 28 23 8 
2.093887 28 24 8 
2.093887 28 25 8 
2.093887 28 26 8 
2.093887 28 27 8 
2.093887 28 28 8 
2.093887 28 29 8 
2.093887 28 30 8 
2.093887 28 31 8 
2.502712 28 0 8 
2.502712 28 1 8 
2.502712 28 2 8 
2.502712 28 3 8 
2.502712 28 4 8 
2.502712 28 5 8 
2.502712 28 6 8 
2.502712 28 7 8 
2.502712 28 8 8 
2.502712 28 9 8 
2.502712 28 10 8 
2.502712 28 11 8 
2.502712 28 12 8 
2.502712 28 13 8 
2.502712 28 14 8 
2.502712 28 15 8 
2.502712 28 16 8 
2.502712 28 17 8 
2.502712 28 18 8 
2.502712 28 19 8 
2.502712 28 20 8 
2.502712 28 21 8 
2.502712 28 22 8 
2.502712 28 23 8 
2.502712 28 24 8 
2.502712 28 25 8 
2.502712 28 26 8 
2.502712 28 27 8 
2.502712 28 28 8 
2.502712 28 29 8 
2.502712 28 30 8 
2.502712 28 31 8 
2.844455 28 0 80 
2.844455 28 1 80 
2.844455 28 2 80 
2.844455 28 3 80 
2.844455 28 4 80 
2.844455 28 5 80 
2.844455 28 6 80 
2.844455 28 7 80 
2.844455 28 8 80 
2.844455 28 9 80 
2.844455 28 10 80 
2.844455 28 11 80 
2.844455 28 12 80 
2.844455 28 13 80 
2.844455 28 14 80 
2.844455 28 15 80 
2.844455 28 16 80 
2.844455 28 17 80 
2.844455 28 18 80 
2.844455 28 19 80 
2.844455 28 20 80 
2.844455 28 21 80 
2.844455 28 22 80 
2.844455 28 23 80 
2.844455 28 24 80 
2.844455 28 25 80 
2.844455 28 26 80 
2.844455 28 27 80 
2.844455 28 28 80 
2.844455 28 29 80 
2.844455 28 30 80 
2.844455 28 31 80 
3.258911 28 0 8 
3.258911 28 1 8 
3.258911 28 2 8 
3.258911 28 3 8 
3.258911 28 4 8 
3.258911 28 5 8 
3.258911 28 6 8 
3.258911 28 7 8 
3.258911 28 8 8 
3.258911 28 9 8 
3.258911 28 10 8 
3.258911 28 11 8 
3.258911 28 12 8 
3.258911 28 13 8 
3.258911 28 14 8 
3.258911 28 15 8 
3.258911 28 16 8 
3.258911 28 17 8 
3.258911 28 18 8 
3.258911 28 19 8 
3.258911 28 20 8 
3.258911 28 21 8 
3.258911 28 22 8 
3.258911 28 23 8 
3.258911 28 24 8 
3.258911 28 25 8 
3.258911 28 26 8 
3.258911 28 27 8 
3.258911 28 28 8 
3.258911 28 29 8 
3.258911 28 30 8 
3.258911 28 31 8 
2.092743 29 0 8 
2.092743 29 1 8 
2.092743 29 2 8 
2.092743 29 3 8 
2.092743 29 4 8 
2.092743 29 5 8 
2.092743 29 6 8 
2.092743 29 7 8 
2.092743 29 8 8 
2.092743 29 9 8 
2.092743 29 10 8 
2.092743 29 11 8 
2.092743 29 12 8 
2.092743 29 13 8 
2.092743 29 14 8 
2.092743 29 15 8 
2.092743 29 16 8 
2.092743 29 17 8 
2.092743 29 18 8 
2.092743 29 19 8 
2.092743 29 20 8 
2.092743 29 21 8 
2.092743 29 22 8 
2.092743 29 23 8 
2.092743 29 24 8 
2.092743 29 25 8 
2.092743 29 26 8 
2.092743 29 27 8 
2.092743 29 28 8 
2.092743 29 29 8 
2.092743 29 30 8 
2.092743 29 31 8 
2.501589 29 0 8 
2.501589 29 1 8 
2.501589 29 2 8 
2.501589 29 3 8 
2.501589 29 4 8 
2.501589 29 5 8 
2.501589 29 6 8 
2.501589 29 7 8 
2.501589 29 8 8 
2.501589 29 9 8 
2.501589 29 10 8 
2.501589 29 11 8 
2.501589 29 12 8 
2.501589 29 13 8 
2.501589 29 14 8 
2.501589 29 15 8 
2.501589 29 16 8 
2.501589 29 17 8 
2.501589 29 18 8 
2.501589 29 19 8 
2.501589 29 20 8 
2.501589 29 21 8 
2.501589 29 22 8 
2.501589 29 23 8 
2.501589 29 24 8 
2.501589 29 25 8 
2.501589 29 26 8 
2.501589 29 27 8 
2.501589 29 28 8 
2.501589 29 29 8 
2.501589 29 30 8 
2.501589 29 31 8 
2.843480 29 0 80 
2.843480 29 1 80 
2.843480 29 2 80 
2.843480 29 3 80 
2.843480 29 4 80 
2.843480 29 5 80 
2.843480 29 6 80 
2.843480 29 7 80 
2.843480 29 8 80 
2.843480 29 9 80 
2.843480 29 10 80 
2.843480 29 11 80 
2.843480 29 12 80 
2.843480 29 13 80 
2.843480 29 14 80 
2.843480 29 15 80 
2.843480 29 16 80 
2.843480 29 17 80 
2.843480 29 18 80 
2.843480 29 19 80 
2.843480 29 20 80 
2.843480 29 21 80 
2.843480 29 22 80 
2.843480 29 23 80 
2.843480 29 24 80 
2.843480 29 25 80 
2.843480 29 26 80 
2.843480 29 27 80 
2.843480 29 28 80 
2.843480 29 29 80 
2.843480 29 30 80 
2.843480 29 31 80 
3.257825 29 0 8 
3.257825 29 1 8 
3.257825 29 2 8 
3.257825 29 3 8 
3.257825 29 4 8 
3.257825 29 5 8 
3.257825 29 6 8 
3.257825 29 7 8 
3.257825 29 8 8 
3.257825 29 9 8 
3.257825 29 10 8 
3.257825 29 11 8 
3.257825 29 12 8 
3.257825 29 13 8 
3.257825 29 14 8 
3.257825 29 15 8 
3.257825 29 16 8 
3.257825 29 17 8 
3.257825 29 18 8 
3.257825 29 19 8 
3.257825 29 20 8 
3.257825 29 21 8 
3.257825 29 22 8 
3.257825 29 23 8 
3.257825 29 24 8 
3.257825 29 25 8 
3.257825 29 26 8 
3.257825 29 27 8 
3.257825 29 28 8 
3.257825 29 29 8 
3.257825 29 30 8 
3.257825 29 31 8 
2.098090 30 0 8 
2.098090 30 1 8 
2.098090 30 2 8 
2.098090 30 3 8 
2.098090 30 4 8 
2.098090 30 5 8 
2.098090 30 6 8 
2.098090 30 7 8 
2.098090 30 8 8 
2.098090 30 9 8 
2.098090 30 10 8 
2.098090 30 11 8 
2.098090 30 12 8 
2.098090 30 13 8 
2.098090 30 14 8 
2.098090 30 15 8 
2.098090 30 16 8 
2.098090 30 17 8 
2.098090 30 18 8 
2.098090 30 19 8 
2.098090 30 20 8 
2.098090 30 21 8 
2.098090 30 22 8 
2.098090 30 23 8 
2.098090 30 24 8 
2.098090 30 25 8 
2.098090 30 26 8 
2.098090 30 27 8 
2.098090 30 28 8 
2.098090 30 29 8 
2.098090 30 30 8 
2.098090 30 31 8 
2.506553 30 0 8 
2.506553 30 1 8 
2.506553 30 2 8 
2.506553 30 3 8 
2.506553 30 4 8 
2.506553 30 5 8 
2.506553 30 6 8 
2.506553 30 7 8 
2.506553 30 8 8 
2.506553 30 9 8 
2.506553 30 10 8 
2.506553 30 11 8 
2.506553 30 12 8 
2.506553 30 13 8 
2.506553 30 14 8 
2.506553 30 15 8 
2.506553 30 16 8 
2.506553 30 17 8 
2.506553 30 18 8 
2.506553 30 19 8 
2.506553 30 20 8 
2.506553 30 21 8 
2.506553 30 22 8 
2.506553 30 23 8 
2.506553 30 24 8 
2.506553 30 25 8 
2.506553 30 26 8 
2.506553 30 27 8 
2.506553 30 28 8 
2.506553 30 29 8 
2.506553 30 30 8 
2.506553 30 31 8 
2.847998 30 0 80 
2.847998 30 1 80 
2.847998 30 2 80 
2.847998 30 3 80 
2.847998 30 4 80 
2.847998 30 5 80 
2.847998 30 6 80 
2.847998 30 7 80 
2.847998 30 8 80 
2.847998 30 9 80 
2.847998 30 10 80 
2.847998 30 11 80 
2.847998 30 12 80 
2.847998 30 13 80 
2.847998 30 14 80 
2.847998 30 15 80 
2.847998 30 16 80 
2.847998 30 17 80 
2.847998 30 18 80 
2.847998 30 19 80 
2.847998 30 20 80 
2.847998 30 21 80 
2.847998 30 22 80 
2.847998 30 23 80 
2.847998 30 24 80 
2.847998 30 25 80 
2.847998 30 26 80 
2.847998 30 27 80 
2.847998 30 28 80 
2.847998 30 29 80 
2.847998 30 30 80 
2.847998 30 31 80 
3.262615 30 0 8 
3.262615 30 1 8 
3.262615 30 2 8 
3.262615 30 3 8 
3.262615 30 4 8 
3.262615 30 5 8 
3.262615 30 6 8 
3.262615 30 7 8 
3.262615 30 8 8 
3.262615 30 9 8 
3.262615 30 10 8 
3.262615 30 11 8 
3.262615 30 12 8 
3.262615 30 13 8 
3.262615 30 14 8 
3.262615 30 15 8 
3.262615 30 16 8 
3.262615 30 17 8 
3.262615 30 18 8 
3.262615 30 19 8 
3.262615 30 20 8 
3.262615 30 21 8 
3.262615 30 22 8 
3.262615 30 23 8 
3.262615 30 24 8 
3.262615 30 25 8 
3.262615 30 26 8 
3.262615 30 27 8 
3.262615 30 28 8 
3.262615 30 29 8 
3.262615 30 30 8 
3.262615 30 31 8 
2.094300 31 0 8 
2.094300 31 1 8 
2.094300 31 2 8 
2.094300 31 3 8 
2.094300 31 4 8 
2.094300 31 5 8 
2.094300 31 6 8 
2.094300 31 7 8 
2.094300 31 8 8 
2.094300 31 9 8 
2.094300 31 10 8 
2.094300 31 11 8 
2.094300 31 12 8 
2.094300 31 13 8 
2.094300 31 14 8 
2.094300 31 15 8 
2.094300 31 16 8 
2.094300 31 17 8 
2.094300 31 18 8 
2.094300 31 19 8 
2.094300 31 20 8 
2.094300 31 21 8 
2.094300 31 22 8 
2.094300 31 23 8 
2.094300 31 24 8 
2.094300 31 25 8 
2.094300 31 26 8 
2.094300 31 27 8 
2.094300 31 28 8 
2.094300 31 29 8 
2.094300 31 30 8 
2.094300 31 31 8 
2.503143 31 0 8 
2.503143 31 1 8 
2.503143 31 2 8 
2.503143 31 3 8 
2.503143 31 4 8 
2.503143 31 5 8 
2.503143 31 6 8 
2.503143 31 7 8 
2.503143 31 8 8 
2.503143 31 9 8 
2.503143 31 10 8 
2.503143 31 11 8 
2.503143 31 12 8 
2.503143 31 13 8 
2.503143 31 14 8 
2.503143 31 15 8 
2.503143 31 16 8 
2.503143 31 17 8 
2.503143 31 18 8 
2.503143 31 19 8 
2.503143 31 20 8 
2.503143 31 21 8 
2.503143 31 22 8 
2.503143 31 23 8 
2.503143 31 24 8 
2.503143 31 25 8 
2.503143 31 26 8 
2.503143 31 27 8 
2.503143 31 28 8 
2.503143 31 29 8 
2.503143 31 30 8 
2.503143 31 31 8 
2.844967 31 0 80 
2.844967 31 1 80 
2.844967 31 2 80 
2.844967 31 3 80 
2.844967 31 4 80 
2.844967 31 5 80 
2.844967 31 6 80 
2.844967 31 7 80 
2.844967 31 8 80 
2.844967 31 9 80 
2.844967 31 10 80 
2.844967 31 11 80 
2.844967 31 12 80 
2.844967 31 13 80 
2.844967 31 14 80 
2.844967 31 15 80 
2.844967 31 16 80 
2.844967 31 17 80 
2.844967 31 18 80 
2.844967 31 19 80 
2.844967 31 20 80 
2.844967 31 21 80 
2.844967 31 22 80 
2.844967 31 23 80 
2.844967 31 24 80 
2.844967 31 25 80 
2.844967 31 26 80 
2.844967 31 27 80 
2.844967 31 28 80 
2.844967 31 29 80 
2.844967 31 30 80 
2.844967 31 31 80 
3.259395 31 0 8 
3.259395 31 1 8 
3.259395 31 2 8 
3.259395 31 3 8 
3.259395 31 4 8 
3.259395 31 5 8 
3.259395 31 6 8 
3.259395 31 7 8 
3.259395 31 8 8 
3.259395 31 9 8 
3.259395 31 10 8 
3.259395 31 11 8 
3.259395 31 12 8 
3.259395 31 13 8 
3.259395 31 14 8 
3.259395 31 15 8 
3.259395 31 16 8 
3.259395 31 17 8 
3.259395 31 18 8 
3.259395 31 19 8 
3.259395 31 20 8 
3.259395 31 21 8 
3.259395 31 22 8 
3.259395 31 23 8 
3.259395 31 24 8 
3.259395 31 25 8 
3.259395 31 26 8 
3.259395 31 27 8 
3.259395 31 28 8 
3.259395 31 29 8 
3.259395 31 30 8 
3.259395 31 31 8 